DEPLOY GROOVY INIT SCRIPTS
+ '[' -L /var/jenkins_home/init.groovy.d ']'
+ '[' -L /var/jenkins_home/license-activated-or-renewed-after-expiration.groovy.d ']'
+ : /var/jenkins_home
+ export -f copy_reference_file
+ touch /var/jenkins_home/copy_reference_file.log
+ tee -a /var/jenkins_home/copy_reference_file.log
++ date
+ echo '--- Copying files at Wed Aug 26 15:43:15 UTC 2020'
--- Copying files at Wed Aug 26 15:43:15 UTC 2020
+ find /usr/share/jenkins/ref/ -type f -exec bash -c 'copy_reference_file '\''{}'\''' ';'
INSTALLED .cloudbees-referrer.txt
INSTALLED license-activated-or-renewed-after-expiration.groovy.d/init_01_launch_configure_jenkins.groovy
INSTALLED init.groovy.d/init_02_administrativeMonitor.groovy
INSTALLED init.groovy.d/init_01_launch_configure_jenkins.groovy
+ [[ 0 -lt 1 ]]
+ eval 'exec java -Duser.home=/var/jenkins_home -Djenkins.model.Jenkins.slaveAgentPortEnforce="true" -Djenkins.model.Jenkins.slaveAgentPort="50000" -Dhudson.TcpSlaveAgentListener.port="50010" -DMASTER_GRANT_ID="8b0e27be-7bc8-4d55-9644-0858be86ca6d" -DMASTER_DOMAIN="carlosrodlop-mm-5" -Dcb.IMProp.warProfiles.cje="kubernetes.json" -DMASTER_INDEX="9" -DMASTER_OPERATIONSCENTER_ENDPOINT="http://cjoc.cje-support-general.svc.cluster.local/cjoc/" -Dhudson.lifecycle="hudson.lifecycle.ExitLifecycle" -DMASTER_NAME="carlosrodlop-mm-5" -DMASTER_ENDPOINT="https://core.gcp.support.beescloud.com/carlosrodlop-mm-5/" -DMASTER_RESOURCE_URL=https://resources.core.gcp.support.beescloud.com/carlosrodlop-mm-5/ -Dcore.casc.config.bundle=/var/casc-bundle/bundle-link.yaml -XshowSettings:vm -XX:+AlwaysPreTouch -XX:+UseG1GC -XX:+ExplicitGCInvokesConcurrent -XX:+ParallelRefProcEnabled -XX:+UseStringDeduplication -Dhudson.slaves.NodeProvisioner.initialDelay=0 -Dhudson.DNSMultiCast.disabled=true -Dorg.csanchez.jenkins.plugins.kubernetes.pipeline.PodTemplateStepExecution.defaultImage=cloudbees/cloudbees-core-agent:2.235.5.1 -jar -Dcb.distributable.name="Docker Common CJE" -Dcb.distributable.commit_sha=5a0fc90a4b106305de93d5bf90216b470873c9c8 /usr/share/jenkins/jenkins.war --webroot=/tmp/jenkins/war --pluginroot=/tmp/jenkins/plugins --prefix=/carlosrodlop-mm-5/ "$@"'
++ exec java -Duser.home=/var/jenkins_home -Djenkins.model.Jenkins.slaveAgentPortEnforce=true -Djenkins.model.Jenkins.slaveAgentPort=50000 -Dhudson.TcpSlaveAgentListener.port=50010 -DMASTER_GRANT_ID=8b0e27be-7bc8-4d55-9644-0858be86ca6d -DMASTER_DOMAIN=carlosrodlop-mm-5 -Dcb.IMProp.warProfiles.cje=kubernetes.json -DMASTER_INDEX=9 -DMASTER_OPERATIONSCENTER_ENDPOINT=http://cjoc.cje-support-general.svc.cluster.local/cjoc/ -Dhudson.lifecycle=hudson.lifecycle.ExitLifecycle -DMASTER_NAME=carlosrodlop-mm-5 -DMASTER_ENDPOINT=https://core.gcp.support.beescloud.com/carlosrodlop-mm-5/ -DMASTER_RESOURCE_URL=https://resources.core.gcp.support.beescloud.com/carlosrodlop-mm-5/ -Dcore.casc.config.bundle=/var/casc-bundle/bundle-link.yaml -XshowSettings:vm -XX:+AlwaysPreTouch -XX:+UseG1GC -XX:+ExplicitGCInvokesConcurrent -XX:+ParallelRefProcEnabled -XX:+UseStringDeduplication -Dhudson.slaves.NodeProvisioner.initialDelay=0 -Dhudson.DNSMultiCast.disabled=true -Dorg.csanchez.jenkins.plugins.kubernetes.pipeline.PodTemplateStepExecution.defaultImage=cloudbees/cloudbees-core-agent:2.235.5.1 -jar '-Dcb.distributable.name=Docker Common CJE' -Dcb.distributable.commit_sha=5a0fc90a4b106305de93d5bf90216b470873c9c8 /usr/share/jenkins/jenkins.war --webroot=/tmp/jenkins/war --pluginroot=/tmp/jenkins/plugins --prefix=/carlosrodlop-mm-5/
VM settings:
    Max. Heap Size (Estimated): 734.00M
    Ergonomics Machine Class: server
    Using VM: OpenJDK 64-Bit Server VM

Running from: /usr/share/jenkins/jenkins.war
2020-08-26 15:43:17.662+0000 [id=1]	INFO	org.eclipse.jetty.util.log.Log#initialized: Logging initialized @2145ms to org.eclipse.jetty.util.log.JavaUtilLog
2020-08-26 15:43:17.950+0000 [id=1]	INFO	winstone.Logger#logInternal: Beginning extraction from war file
2020-08-26 15:43:26.456+0000 [id=1]	INFO	org.eclipse.jetty.server.Server#doStart: jetty-9.4.30.v20200611; built: 2020-06-11T12:34:51.929Z; git: 271836e4c1f4612f12b7bb13ef5a92a927634b0d; jvm 1.8.0_262-b10
2020-08-26 15:43:27.255+0000 [id=1]	INFO	o.e.j.w.StandardDescriptorProcessor#visitServlet: NO JSP Support for /carlosrodlop-mm-5, did not find org.eclipse.jetty.jsp.JettyJspServlet
2020-08-26 15:43:27.439+0000 [id=1]	INFO	o.e.j.s.s.DefaultSessionIdManager#doStart: DefaultSessionIdManager workerName=node0
2020-08-26 15:43:27.439+0000 [id=1]	INFO	o.e.j.s.s.DefaultSessionIdManager#doStart: No SessionScavenger set, using defaults
2020-08-26 15:43:27.444+0000 [id=1]	INFO	o.e.j.server.session.HouseKeeper#startScavenging: node0 Scavenging every 660000ms
2020-08-26 15:43:27.734+0000 [id=1]	INFO	c.c.j.i.b.RestoreServletListener#contextInitialized: Jenkins restore listener found no infradna-backup-restore.properties, continuing without restore.
2020-08-26 15:43:28.454+0000 [id=1]	INFO	hudson.WebAppMain#contextInitialized: Jenkins home directory: /var/jenkins_home found at: EnvVars.masterEnvVars.get("JENKINS_HOME")
2020-08-26 15:43:28.957+0000 [id=1]	INFO	o.e.j.s.handler.ContextHandler#doStart: Started w.@57a48985{CloudBees CI Managed Master,/carlosrodlop-mm-5,file:///tmp/jenkins/war/,AVAILABLE}{/tmp/jenkins/war}
2020-08-26 15:43:29.051+0000 [id=1]	INFO	o.e.j.server.AbstractConnector#doStart: Started ServerConnector@7f69d591{HTTP/1.1, (http/1.1)}{0.0.0.0:8080}
2020-08-26 15:43:29.052+0000 [id=1]	INFO	org.eclipse.jetty.server.Server#doStart: Started @13536ms
2020-08-26 15:43:29.060+0000 [id=21]	INFO	winstone.Logger#logInternal: Winstone Servlet Engine running: controlPort=disabled
2020-08-26 15:43:31.452+0000 [id=26]	INFO	jenkins.InitReactorRunner$1#onAttained: Started initialization
2020-08-26 15:43:33.449+0000 [id=27]	INFO	c.c.j.c.i.CJPPluginManager$StartUp$1#apply: Core Configuration as Code is enabled
2020-08-26 15:43:33.450+0000 [id=27]	INFO	c.c.j.c.i.CJPPluginManager$StartUp$1#apply: Proxy established for plugin catalog. Proxy at squid-proxy.cje-support-general.svc.cluster.local:3128
2020-08-26 15:43:33.455+0000 [id=27]	INFO	c.c.j.p.a.r.e.ParsedEnvelopeExtension$Loader#fromJSON: Parsing Plugin Catalog
2020-08-26 15:43:33.537+0000 [id=27]	INFO	c.c.j.p.a.r.e.Configuration#lambda$fromJSON$1: Ignoring 'excludePlugins' and 'upstream' sections...
2020-08-26 15:43:33.541+0000 [id=27]	INFO	c.c.j.p.a.r.e.ParsedEnvelopeExtension$Provided#expand: Expanding Plugin Catalog to retrieve all the plugins information
2020-08-26 15:43:33.546+0000 [id=27]	INFO	c.c.j.p.a.r.e.Configuration$Provided#lambda$expand$7: Expanding configuration to retrieve all the plugins information
2020-08-26 15:43:33.559+0000 [id=34]	INFO	c.c.j.p.a.r.e.PluginConfiguration$Tier3#lambda$expandWithValidation$2: Expanding plugin configuration (build-timestamp)
2020-08-26 15:43:33.562+0000 [id=35]	INFO	c.c.j.p.a.r.e.PluginConfiguration$Tier3#lambda$expandWithValidation$2: Expanding plugin configuration (aws-secrets-manager-credentials-provider)
2020-08-26 15:43:34.940+0000 [id=35]	INFO	c.c.j.p.a.r.e.PluginConfiguration$Tier3#lambda$expandWithValidation$2: Expanding plugin configuration (uno-choice)
2020-08-26 15:43:35.039+0000 [id=34]	INFO	c.c.j.p.a.r.e.PluginConfiguration$Tier3#lambda$expandWithValidation$2: Expanding plugin configuration (scriptler)
2020-08-26 15:43:35.149+0000 [id=35]	INFO	c.c.j.p.a.r.e.PluginConfiguration$Tier3#lambda$expandWithValidation$2: Expanding plugin configuration (sonar)
2020-08-26 15:43:35.169+0000 [id=34]	INFO	c.c.j.p.a.r.e.PluginConfiguration$Tier3#lambda$expandWithValidation$2: Expanding plugin configuration (splunk-devops-extend)
2020-08-26 15:43:35.396+0000 [id=34]	INFO	c.c.j.p.a.r.e.PluginConfiguration$Tier3#lambda$expandWithValidation$2: Expanding plugin configuration (splunk-devops)
2020-08-26 15:43:35.951+0000 [id=34]	INFO	c.c.j.p.a.r.e.PluginConfiguration$Tier3#lambda$expandWithValidation$2: Expanding plugin configuration (resource-disposer)
2020-08-26 15:43:36.062+0000 [id=34]	INFO	c.c.j.p.a.r.e.PluginConfiguration$Tier3#lambda$expandWithValidation$2: Expanding plugin configuration (ansicolor)
2020-08-26 15:43:36.177+0000 [id=35]	INFO	c.c.j.p.a.r.e.PluginConfiguration$Tier3#lambda$expandWithValidation$2: Expanding plugin configuration (github-organization-folder)
2020-08-26 15:43:36.180+0000 [id=34]	INFO	c.c.j.p.a.r.e.PluginConfiguration$Tier3#lambda$expandWithValidation$2: Expanding plugin configuration (build-user-vars-plugin)
2020-08-26 15:43:36.285+0000 [id=35]	INFO	c.c.j.p.a.r.e.PluginConfiguration$Tier3#lambda$expandWithValidation$2: Expanding plugin configuration (badge)
2020-08-26 15:43:36.310+0000 [id=34]	INFO	c.c.j.p.a.r.e.PluginConfiguration$Tier3#lambda$expandWithValidation$2: Expanding plugin configuration (throttle-concurrents)
2020-08-26 15:43:36.395+0000 [id=35]	INFO	c.c.j.p.a.r.e.PluginConfiguration$Tier3#lambda$expandWithValidation$2: Expanding plugin configuration (sectioned-view)
2020-08-26 15:43:36.422+0000 [id=34]	INFO	c.c.j.p.a.r.e.PluginConfiguration$Tier3#lambda$expandWithValidation$2: Expanding plugin configuration (hidden-parameter)
2020-08-26 15:43:36.504+0000 [id=35]	INFO	c.c.j.p.a.r.e.PluginConfiguration$Tier3#lambda$expandWithValidation$2: Expanding plugin configuration (description-setter)
2020-08-26 15:43:36.538+0000 [id=34]	INFO	c.c.j.p.a.r.e.PluginConfiguration$Tier3#lambda$expandWithValidation$2: Expanding plugin configuration (ws-cleanup)
2020-08-26 15:43:36.608+0000 [id=35]	INFO	c.c.j.p.a.r.e.PluginConfiguration$Tier3#lambda$expandWithValidation$2: Expanding plugin configuration (pipeline-maven)
2020-08-26 15:43:36.834+0000 [id=35]	INFO	c.c.j.p.a.r.e.PluginConfiguration$Tier3#lambda$expandWithValidation$2: Expanding plugin configuration (slack)
2020-08-26 15:43:37.045+0000 [id=35]	INFO	c.c.j.p.a.r.e.PluginConfiguration$Tier3#lambda$expandWithValidation$2: Expanding plugin configuration (saml)
2020-08-26 15:43:37.149+0000 [id=34]	INFO	c.c.j.p.a.r.e.PluginConfiguration$Tier3#lambda$expandWithValidation$2: Expanding plugin configuration (h2-api)
2020-08-26 15:43:37.460+0000 [id=34]	INFO	c.c.j.p.a.r.e.PluginConfiguration$Tier3#lambda$expandWithValidation$2: Expanding plugin configuration (pipeline-utility-steps)
2020-08-26 15:43:37.829+0000 [id=34]	INFO	c.c.j.p.a.r.e.PluginConfiguration$Tier3#lambda$expandWithValidation$2: Expanding plugin configuration (groovy-postbuild)
2020-08-26 15:43:38.059+0000 [id=27]	INFO	c.c.j.c.i.CJPPluginManager$StartUp$1#apply: Using JCasC config: /var/jenkins_home/core-casc-bundle/jenkins.yaml
2020-08-26 15:43:38.131+0000 [id=27]	WARNING	c.c.j.c.i.ProfileSource$ProfileResourceHelper#getInputStreamFromResource: Ignoring classpath profile [cb-profiles/kubernetes.json], resource [/WEB-INF/cb-profiles/kubernetes.json] not found
2020-08-26 15:43:38.134+0000 [id=27]	WARNING	c.c.j.c.i.install.State#dependencies: Plugin [clover] skipped from profile as it is not part of the envelope or envelope extension.
2020-08-26 15:43:38.135+0000 [id=27]	WARNING	c.c.j.c.i.install.State#dependencies: Plugin [cobertura] skipped from profile as it is not part of the envelope or envelope extension.
2020-08-26 15:43:38.135+0000 [id=27]	WARNING	c.c.j.c.i.install.State#dependencies: Plugin [cucumber-testresult-plugin] skipped from profile as it is not part of the envelope or envelope extension.
2020-08-26 15:43:38.135+0000 [id=27]	WARNING	c.c.j.c.i.install.State#dependencies: Plugin [testng-plugin] skipped from profile as it is not part of the envelope or envelope extension.
2020-08-26 15:43:38.135+0000 [id=27]	WARNING	c.c.j.c.i.install.State#dependencies: Plugin [configurationslicing] skipped from profile as it is not part of the envelope or envelope extension.
2020-08-26 15:43:38.136+0000 [id=27]	WARNING	c.c.j.c.i.install.State#dependencies: Plugin [mysql-api] skipped from profile as it is not part of the envelope or envelope extension.
2020-08-26 15:43:38.136+0000 [id=27]	WARNING	c.c.j.c.i.install.State#dependencies: Plugin [postgresql-api] skipped from profile as it is not part of the envelope or envelope extension.
2020-08-26 15:43:38.136+0000 [id=27]	WARNING	c.c.j.c.i.install.State#dependencies: Plugin [jgiven] skipped from profile as it is not part of the envelope or envelope extension.
2020-08-26 15:43:38.136+0000 [id=27]	WARNING	c.c.j.c.i.install.State#dependencies: Plugin [junit-attachments] skipped from profile as it is not part of the envelope or envelope extension.
2020-08-26 15:43:38.136+0000 [id=27]	WARNING	c.c.j.c.i.install.State#dependencies: Plugin [maven-invoker-plugin] skipped from profile as it is not part of the envelope or envelope extension.
2020-08-26 15:43:38.136+0000 [id=27]	WARNING	c.c.j.c.i.install.State#dependencies: Plugin [findbugs] skipped from profile as it is not part of the envelope or envelope extension.
2020-08-26 15:43:38.137+0000 [id=27]	WARNING	c.c.j.c.i.install.State#dependencies: Plugin [tasks] skipped from profile as it is not part of the envelope or envelope extension.
2020-08-26 15:43:38.172+0000 [id=27]	INFO	c.c.j.c.i.CJPPluginManager$URLInstaller#install: Requested [INSTALL] of plugin [ace-editor] to version [1.1] completed
2020-08-26 15:43:38.235+0000 [id=27]	INFO	c.c.j.c.i.CJPPluginManager$URLInstaller#install: Requested [INSTALL] of plugin [apache-httpcomponents-client-4-api] to version [4.5.10-2.0] completed
2020-08-26 15:43:38.242+0000 [id=27]	INFO	c.c.j.c.i.CJPPluginManager$URLInstaller#install: Requested [INSTALL] of plugin [async-http-client] to version [1.7.24.3] completed
2020-08-26 15:43:38.245+0000 [id=27]	INFO	c.c.j.c.i.CJPPluginManager$URLInstaller#install: Requested [INSTALL] of plugin [snakeyaml-api] to version [1.26.4] completed
2020-08-26 15:43:38.247+0000 [id=27]	INFO	c.c.j.c.i.CJPPluginManager$URLInstaller#install: Requested [INSTALL] of plugin [structs] to version [1.20] completed
2020-08-26 15:43:38.252+0000 [id=27]	INFO	c.c.j.c.i.CJPPluginManager$URLInstaller#install: Requested [INSTALL] of plugin [credentials] to version [2.3.11] completed
2020-08-26 15:43:38.254+0000 [id=27]	INFO	c.c.j.c.i.CJPPluginManager$URLInstaller#install: Requested [INSTALL] of plugin [authentication-tokens] to version [1.4] completed
2020-08-26 15:43:38.264+0000 [id=27]	INFO	c.c.j.c.i.CJPPluginManager$URLInstaller#install: Requested [INSTALL] of plugin [jackson2-api] to version [2.11.1] completed
2020-08-26 15:43:38.266+0000 [id=27]	INFO	c.c.j.c.i.CJPPluginManager$URLInstaller#install: Requested [INSTALL] of plugin [blueocean-commons] to version [1.23.2] completed
2020-08-26 15:43:38.336+0000 [id=27]	INFO	c.c.j.c.i.CJPPluginManager$URLInstaller#install: Requested [INSTALL] of plugin [bouncycastle-api] to version [2.18] completed
2020-08-26 15:43:38.351+0000 [id=27]	INFO	c.c.j.c.i.CJPPluginManager$URLInstaller#install: Requested [INSTALL] of plugin [cloudbees-license] to version [9.43] completed
2020-08-26 15:43:38.354+0000 [id=27]	INFO	c.c.j.c.i.CJPPluginManager$URLInstaller#install: Requested [INSTALL] of plugin [nectar-license] to version [8.28] completed
2020-08-26 15:43:38.355+0000 [id=27]	INFO	c.c.j.c.i.CJPPluginManager$URLInstaller#install: Requested [INSTALL] of plugin [workflow-step-api] to version [2.22] completed
2020-08-26 15:43:38.358+0000 [id=27]	INFO	c.c.j.c.i.CJPPluginManager$URLInstaller#install: Requested [INSTALL] of plugin [scm-api] to version [2.6.3] completed
2020-08-26 15:43:38.360+0000 [id=27]	INFO	c.c.j.c.i.CJPPluginManager$URLInstaller#install: Requested [INSTALL] of plugin [workflow-api] to version [2.40] completed
2020-08-26 15:43:38.365+0000 [id=27]	INFO	c.c.j.c.i.CJPPluginManager$URLInstaller#install: Requested [INSTALL] of plugin [script-security] to version [1.74] completed
2020-08-26 15:43:38.368+0000 [id=27]	INFO	c.c.j.c.i.CJPPluginManager$URLInstaller#install: Requested [INSTALL] of plugin [workflow-support] to version [3.5] completed
2020-08-26 15:43:38.439+0000 [id=27]	INFO	c.c.j.c.i.CJPPluginManager$URLInstaller#install: Requested [INSTALL] of plugin [durable-task] to version [1.34] completed
2020-08-26 15:43:38.440+0000 [id=27]	INFO	c.c.j.c.i.CJPPluginManager$URLInstaller#install: Requested [INSTALL] of plugin [variant] to version [1.3] completed
2020-08-26 15:43:38.443+0000 [id=27]	INFO	c.c.j.c.i.CJPPluginManager$URLInstaller#install: Requested [INSTALL] of plugin [metrics] to version [4.0.2.6] completed
2020-08-26 15:43:38.446+0000 [id=27]	INFO	c.c.j.c.i.CJPPluginManager$URLInstaller#install: Requested [INSTALL] of plugin [support-core] to version [2.69] completed
2020-08-26 15:43:38.455+0000 [id=27]	INFO	c.c.j.c.i.CJPPluginManager$URLInstaller#install: Requested [INSTALL] of plugin [cloudbees-assurance] to version [2.138.0.15] completed
2020-08-26 15:43:38.456+0000 [id=27]	INFO	c.c.j.c.i.CJPPluginManager$URLInstaller#install: Requested [INSTALL] of plugin [jdk-tool] to version [1.4] completed
2020-08-26 15:43:38.459+0000 [id=27]	INFO	c.c.j.c.i.CJPPluginManager$URLInstaller#install: Requested [INSTALL] of plugin [trilead-api] to version [1.0.8] completed
2020-08-26 15:43:38.460+0000 [id=27]	INFO	c.c.j.c.i.CJPPluginManager$URLInstaller#install: Requested [INSTALL] of plugin [ssh-credentials] to version [1.18.1] completed
2020-08-26 15:43:38.462+0000 [id=27]	INFO	c.c.j.c.i.CJPPluginManager$URLInstaller#install: Requested [INSTALL] of plugin [cloudbees-folder] to version [6.14] completed
2020-08-26 15:43:38.466+0000 [id=27]	INFO	c.c.j.c.i.CJPPluginManager$URLInstaller#install: Requested [INSTALL] of plugin [nectar-rbac] to version [5.39] completed
2020-08-26 15:43:38.467+0000 [id=27]	INFO	c.c.j.c.i.CJPPluginManager$URLInstaller#install: Requested [INSTALL] of plugin [operations-center-agent] to version [2.235.0.2] completed
2020-08-26 15:43:38.470+0000 [id=27]	INFO	c.c.j.c.i.CJPPluginManager$URLInstaller#install: Requested [INSTALL] of plugin [cloudbees-folders-plus] to version [3.10] completed
2020-08-26 15:43:38.471+0000 [id=27]	INFO	c.c.j.c.i.CJPPluginManager$URLInstaller#install: Requested [INSTALL] of plugin [display-url-api] to version [2.3.2] completed
2020-08-26 15:43:38.473+0000 [id=27]	INFO	c.c.j.c.i.CJPPluginManager$URLInstaller#install: Requested [INSTALL] of plugin [mailer] to version [1.32] completed
2020-08-26 15:43:38.474+0000 [id=27]	INFO	c.c.j.c.i.CJPPluginManager$URLInstaller#install: Requested [INSTALL] of plugin [junit] to version [1.29] completed
2020-08-26 15:43:38.477+0000 [id=27]	INFO	c.c.j.c.i.CJPPluginManager$URLInstaller#install: Requested [INSTALL] of plugin [token-macro] to version [2.12] completed
2020-08-26 15:43:38.479+0000 [id=27]	INFO	c.c.j.c.i.CJPPluginManager$URLInstaller#install: Requested [INSTALL] of plugin [workflow-job] to version [2.39] completed
2020-08-26 15:43:38.481+0000 [id=27]	INFO	c.c.j.c.i.CJPPluginManager$URLInstaller#install: Requested [INSTALL] of plugin [mapdb-api] to version [1.0.9.0] completed
2020-08-26 15:43:38.482+0000 [id=27]	INFO	c.c.j.c.i.CJPPluginManager$URLInstaller#install: Requested [INSTALL] of plugin [unique-id] to version [2.2.0] completed
2020-08-26 15:43:38.534+0000 [id=27]	INFO	c.c.j.c.i.CJPPluginManager$URLInstaller#install: Requested [INSTALL] of plugin [operations-center-context] to version [2.235.0.5] completed
2020-08-26 15:43:38.537+0000 [id=27]	INFO	c.c.j.c.i.CJPPluginManager$URLInstaller#install: Requested [INSTALL] of plugin [operations-center-client] to version [2.235.0.5] completed
2020-08-26 15:43:38.538+0000 [id=27]	INFO	c.c.j.c.i.CJPPluginManager$URLInstaller#install: Requested [INSTALL] of plugin [cloudbees-administrative-monitors] to version [1.0.1] completed
2020-08-26 15:43:38.539+0000 [id=27]	INFO	c.c.j.c.i.CJPPluginManager$URLInstaller#install: Requested [INSTALL] of plugin [workflow-scm-step] to version [2.11] completed
2020-08-26 15:43:38.542+0000 [id=27]	INFO	c.c.j.c.i.CJPPluginManager$URLInstaller#install: Requested [INSTALL] of plugin [jquery-detached] to version [1.2.1] completed
2020-08-26 15:43:38.545+0000 [id=27]	INFO	c.c.j.c.i.CJPPluginManager$URLInstaller#install: Requested [INSTALL] of plugin [workflow-cps] to version [2.80] completed
2020-08-26 15:43:38.552+0000 [id=27]	INFO	c.c.j.c.i.CJPPluginManager$URLInstaller#install: Requested [INSTALL] of plugin [pipeline-model-api] to version [1.7.0] completed
2020-08-26 15:43:38.558+0000 [id=27]	INFO	c.c.j.c.i.CJPPluginManager$URLInstaller#install: Requested [INSTALL] of plugin [plain-credentials] to version [1.7] completed
2020-08-26 15:43:38.559+0000 [id=27]	INFO	c.c.j.c.i.CJPPluginManager$URLInstaller#install: Requested [INSTALL] of plugin [credentials-binding] to version [1.23] completed
2020-08-26 15:43:38.560+0000 [id=27]	INFO	c.c.j.c.i.CJPPluginManager$URLInstaller#install: Requested [INSTALL] of plugin [pipeline-stage-step] to version [2.4] completed
2020-08-26 15:43:38.562+0000 [id=27]	INFO	c.c.j.c.i.CJPPluginManager$URLInstaller#install: Requested [INSTALL] of plugin [pipeline-model-extensions] to version [1.7.0] completed
2020-08-26 15:43:38.565+0000 [id=27]	INFO	c.c.j.c.i.CJPPluginManager$URLInstaller#install: Requested [INSTALL] of plugin [cloudbees-analytics] to version [1.26] completed
2020-08-26 15:43:38.567+0000 [id=27]	INFO	c.c.j.c.i.CJPPluginManager$URLInstaller#install: Requested [INSTALL] of plugin [cloudbees-blueocean-default-theme] to version [0.8] completed
2020-08-26 15:43:38.569+0000 [id=27]	INFO	c.c.j.c.i.CJPPluginManager$URLInstaller#install: Requested [INSTALL] of plugin [cloudbees-support] to version [3.23] completed
2020-08-26 15:43:38.631+0000 [id=27]	INFO	c.c.j.c.i.CJPPluginManager$URLInstaller#install: Requested [INSTALL] of plugin [cloudbees-uc-data-api] to version [4.43] completed
2020-08-26 15:43:38.633+0000 [id=27]	INFO	c.c.j.c.i.CJPPluginManager$URLInstaller#install: Requested [INSTALL] of plugin [command-launcher] to version [1.4] completed
2020-08-26 15:43:38.634+0000 [id=27]	INFO	c.c.j.c.i.CJPPluginManager$URLInstaller#install: Requested [INSTALL] of plugin [form-element-path] to version [1.8] completed
2020-08-26 15:43:38.639+0000 [id=27]	INFO	c.c.j.c.i.CJPPluginManager$URLInstaller#install: Requested [INSTALL] of plugin [jaxb] to version [2.3.0.1] completed
2020-08-26 15:43:38.670+0000 [id=27]	INFO	c.c.j.c.i.CJPPluginManager$URLInstaller#install: Requested [INSTALL] of plugin [kubernetes-client-api] to version [4.9.2-2] completed
2020-08-26 15:43:38.672+0000 [id=27]	INFO	c.c.j.c.i.CJPPluginManager$URLInstaller#install: Requested [INSTALL] of plugin [oauth-credentials] to version [0.4] completed
2020-08-26 15:43:38.673+0000 [id=27]	INFO	c.c.j.c.i.CJPPluginManager$URLInstaller#install: Requested [INSTALL] of plugin [kubernetes-credentials] to version [0.7.0] completed
2020-08-26 15:43:38.731+0000 [id=27]	INFO	c.c.j.c.i.CJPPluginManager$URLInstaller#install: Requested [INSTALL] of plugin [kubernetes] to version [1.26.4] completed
2020-08-26 15:43:38.733+0000 [id=27]	INFO	c.c.j.c.i.CJPPluginManager$URLInstaller#install: Requested [INSTALL] of plugin [kube-agent-management] to version [1.1.35] completed
2020-08-26 15:43:38.741+0000 [id=27]	INFO	c.c.j.c.i.CJPPluginManager$URLInstaller#install: Requested [INSTALL] of plugin [configuration-as-code] to version [1.41] completed
2020-08-26 15:43:38.743+0000 [id=27]	INFO	c.c.j.c.i.CJPPluginManager$URLInstaller#install: Requested [INSTALL] of plugin [workflow-durable-task-step] to version [2.35] completed
2020-08-26 15:43:38.749+0000 [id=27]	INFO	c.c.j.c.i.CJPPluginManager$URLInstaller#install: Requested [INSTALL] of plugin [cloudbees-ssh-slaves] to version [2.7] completed
2020-08-26 15:43:38.752+0000 [id=27]	INFO	c.c.j.c.i.CJPPluginManager$URLInstaller#install: Requested [INSTALL] of plugin [cloudbees-monitoring] to version [2.9] completed
2020-08-26 15:43:38.754+0000 [id=27]	INFO	c.c.j.c.i.CJPPluginManager$URLInstaller#install: Requested [INSTALL] of plugin [jsch] to version [0.1.55.2] completed
2020-08-26 15:43:38.756+0000 [id=27]	INFO	c.c.j.c.i.CJPPluginManager$URLInstaller#install: Requested [INSTALL] of plugin [config-file-provider] to version [3.6.3] completed
2020-08-26 15:43:38.759+0000 [id=27]	INFO	c.c.j.c.i.CJPPluginManager$URLInstaller#install: Requested [INSTALL] of plugin [cloudbees-template] to version [4.45] completed
2020-08-26 15:43:38.761+0000 [id=27]	INFO	c.c.j.c.i.CJPPluginManager$URLInstaller#install: Requested [INSTALL] of plugin [matrix-project] to version [1.17] completed
2020-08-26 15:43:38.833+0000 [id=27]	INFO	c.c.j.c.i.CJPPluginManager$URLInstaller#install: Requested [INSTALL] of plugin [git-client] to version [3.3.2] completed
2020-08-26 15:43:38.839+0000 [id=27]	INFO	c.c.j.c.i.CJPPluginManager$URLInstaller#install: Requested [INSTALL] of plugin [git] to version [4.2.1] completed
2020-08-26 15:43:38.841+0000 [id=27]	INFO	c.c.j.c.i.CJPPluginManager$URLInstaller#install: Requested [INSTALL] of plugin [branch-api] to version [2.5.8] completed
2020-08-26 15:43:38.843+0000 [id=27]	INFO	c.c.j.c.i.CJPPluginManager$URLInstaller#install: Requested [INSTALL] of plugin [workflow-multibranch] to version [2.21] completed
2020-08-26 15:43:38.845+0000 [id=27]	INFO	c.c.j.c.i.CJPPluginManager$URLInstaller#install: Requested [INSTALL] of plugin [workflow-basic-steps] to version [2.20] completed
2020-08-26 15:43:38.846+0000 [id=27]	INFO	c.c.j.c.i.CJPPluginManager$URLInstaller#install: Requested [INSTALL] of plugin [git-server] to version [1.9] completed
2020-08-26 15:43:38.852+0000 [id=27]	INFO	c.c.j.c.i.CJPPluginManager$URLInstaller#install: Requested [INSTALL] of plugin [workflow-cps-global-lib] to version [2.16] completed
2020-08-26 15:43:38.853+0000 [id=27]	INFO	c.c.j.c.i.CJPPluginManager$URLInstaller#install: Requested [INSTALL] of plugin [docker-commons] to version [1.17] completed
2020-08-26 15:43:38.855+0000 [id=27]	INFO	c.c.j.c.i.CJPPluginManager$URLInstaller#install: Requested [INSTALL] of plugin [docker-workflow] to version [1.23] completed
2020-08-26 15:43:38.857+0000 [id=27]	INFO	c.c.j.c.i.CJPPluginManager$URLInstaller#install: Requested [INSTALL] of plugin [pipeline-input-step] to version [2.11] completed
2020-08-26 15:43:38.858+0000 [id=27]	INFO	c.c.j.c.i.CJPPluginManager$URLInstaller#install: Requested [INSTALL] of plugin [pipeline-stage-tags-metadata] to version [1.7.0] completed
2020-08-26 15:43:38.861+0000 [id=27]	INFO	c.c.j.c.i.CJPPluginManager$URLInstaller#install: Requested [INSTALL] of plugin [pipeline-model-definition] to version [1.7.0] completed
2020-08-26 15:43:38.931+0000 [id=27]	INFO	c.c.j.c.i.CJPPluginManager$URLInstaller#install: Requested [INSTALL] of plugin [google-oauth-plugin] to version [1.0.0] completed
2020-08-26 15:43:38.941+0000 [id=27]	INFO	c.c.j.c.i.CJPPluginManager$URLInstaller#install: Requested [INSTALL] of plugin [antisamy-markup-formatter] to version [2.1] completed
2020-08-26 15:43:39.420+0000 [id=27]	INFO	c.c.j.c.i.CJPPluginManager$URLInstaller#install: Requested [INSTALL] of plugin [aws-java-sdk] to version [1.11.821] completed
2020-08-26 15:43:39.422+0000 [id=27]	INFO	c.c.j.c.i.CJPPluginManager$URLInstaller#install: Requested [INSTALL] of plugin [aws-credentials] to version [1.28] completed
2020-08-26 15:43:39.423+0000 [id=27]	INFO	c.c.j.c.i.CJPPluginManager$URLInstaller#install: Requested [INSTALL] of plugin [blueocean-rest] to version [1.23.2] completed
2020-08-26 15:43:39.431+0000 [id=27]	INFO	c.c.j.c.i.CJPPluginManager$URLInstaller#install: Requested [INSTALL] of plugin [pubsub-light] to version [1.13] completed
2020-08-26 15:43:39.433+0000 [id=27]	INFO	c.c.j.c.i.CJPPluginManager$URLInstaller#install: Requested [INSTALL] of plugin [blueocean-pipeline-scm-api] to version [1.23.2] completed
2020-08-26 15:43:39.436+0000 [id=27]	INFO	c.c.j.c.i.CJPPluginManager$URLInstaller#install: Requested [INSTALL] of plugin [blueocean-jwt] to version [1.23.2] completed
2020-08-26 15:43:39.450+0000 [id=27]	INFO	c.c.j.c.i.CJPPluginManager$URLInstaller#install: Requested [INSTALL] of plugin [jenkins-design-language] to version [1.23.2] completed
2020-08-26 15:43:39.457+0000 [id=27]	INFO	c.c.j.c.i.CJPPluginManager$URLInstaller#install: Requested [INSTALL] of plugin [blueocean-core-js] to version [1.23.2] completed
2020-08-26 15:43:39.467+0000 [id=27]	INFO	c.c.j.c.i.CJPPluginManager$URLInstaller#install: Requested [INSTALL] of plugin [blueocean-web] to version [1.23.2] completed
2020-08-26 15:43:39.468+0000 [id=27]	INFO	c.c.j.c.i.CJPPluginManager$URLInstaller#install: Requested [INSTALL] of plugin [favorite] to version [2.3.2] completed
2020-08-26 15:43:39.472+0000 [id=27]	INFO	c.c.j.c.i.CJPPluginManager$URLInstaller#install: Requested [INSTALL] of plugin [blueocean-rest-impl] to version [1.23.2] completed
2020-08-26 15:43:39.476+0000 [id=27]	INFO	c.c.j.c.i.CJPPluginManager$URLInstaller#install: Requested [INSTALL] of plugin [okhttp-api] to version [3.14.9] completed
2020-08-26 15:43:39.482+0000 [id=27]	INFO	c.c.j.c.i.CJPPluginManager$URLInstaller#install: Requested [INSTALL] of plugin [github-api] to version [1.115] completed
2020-08-26 15:43:39.487+0000 [id=27]	INFO	c.c.j.c.i.CJPPluginManager$URLInstaller#install: Requested [INSTALL] of plugin [github] to version [1.31.0] completed
2020-08-26 15:43:39.490+0000 [id=27]	INFO	c.c.j.c.i.CJPPluginManager$URLInstaller#install: Requested [INSTALL] of plugin [github-branch-source] to version [2.8.3] completed
2020-08-26 15:43:39.492+0000 [id=27]	INFO	c.c.j.c.i.CJPPluginManager$URLInstaller#install: Requested [INSTALL] of plugin [htmlpublisher] to version [1.23] completed
2020-08-26 15:43:39.493+0000 [id=27]	INFO	c.c.j.c.i.CJPPluginManager$URLInstaller#install: Requested [INSTALL] of plugin [pipeline-build-step] to version [2.12] completed
2020-08-26 15:43:39.494+0000 [id=27]	INFO	c.c.j.c.i.CJPPluginManager$URLInstaller#install: Requested [INSTALL] of plugin [pipeline-graph-analysis] to version [1.10] completed
2020-08-26 15:43:39.497+0000 [id=27]	INFO	c.c.j.c.i.CJPPluginManager$URLInstaller#install: Requested [INSTALL] of plugin [blueocean-pipeline-api-impl] to version [1.23.2] completed
2020-08-26 15:43:39.531+0000 [id=27]	INFO	c.c.j.c.i.CJPPluginManager$URLInstaller#install: Requested [INSTALL] of plugin [handy-uri-templates-2-api] to version [2.1.8-1.0] completed
2020-08-26 15:43:39.533+0000 [id=27]	INFO	c.c.j.c.i.CJPPluginManager$URLInstaller#install: Requested [INSTALL] of plugin [mercurial] to version [2.10] completed
2020-08-26 15:43:39.537+0000 [id=27]	INFO	c.c.j.c.i.CJPPluginManager$URLInstaller#install: Requested [INSTALL] of plugin [cloudbees-bitbucket-branch-source] to version [2.9.1] completed
2020-08-26 15:43:39.551+0000 [id=27]	INFO	c.c.j.c.i.CJPPluginManager$URLInstaller#install: Requested [INSTALL] of plugin [blueocean-bitbucket-pipeline] to version [1.23.2] completed
2020-08-26 15:43:39.552+0000 [id=27]	INFO	c.c.j.c.i.CJPPluginManager$URLInstaller#install: Requested [INSTALL] of plugin [blueocean-config] to version [1.23.2] completed
2020-08-26 15:43:39.566+0000 [id=27]	INFO	c.c.j.c.i.CJPPluginManager$URLInstaller#install: Requested [INSTALL] of plugin [blueocean-dashboard] to version [1.23.2] completed
2020-08-26 15:43:39.568+0000 [id=27]	INFO	c.c.j.c.i.CJPPluginManager$URLInstaller#install: Requested [INSTALL] of plugin [sse-gateway] to version [1.23] completed
2020-08-26 15:43:39.591+0000 [id=27]	INFO	c.c.j.c.i.CJPPluginManager$URLInstaller#install: Requested [INSTALL] of plugin [blueocean-events] to version [1.23.2] completed
2020-08-26 15:43:39.597+0000 [id=27]	INFO	c.c.j.c.i.CJPPluginManager$URLInstaller#install: Requested [INSTALL] of plugin [blueocean-git-pipeline] to version [1.23.2] completed
2020-08-26 15:43:39.599+0000 [id=27]	INFO	c.c.j.c.i.CJPPluginManager$URLInstaller#install: Requested [INSTALL] of plugin [blueocean-github-pipeline] to version [1.23.2] completed
2020-08-26 15:43:39.600+0000 [id=27]	INFO	c.c.j.c.i.CJPPluginManager$URLInstaller#install: Requested [INSTALL] of plugin [blueocean-i18n] to version [1.23.2] completed
2020-08-26 15:43:39.646+0000 [id=27]	INFO	c.c.j.c.i.CJPPluginManager$URLInstaller#install: Requested [INSTALL] of plugin [jira] to version [3.1.1] completed
2020-08-26 15:43:39.660+0000 [id=27]	INFO	c.c.j.c.i.CJPPluginManager$URLInstaller#install: Requested [INSTALL] of plugin [blueocean-jira] to version [1.23.2] completed
2020-08-26 15:43:39.666+0000 [id=27]	INFO	c.c.j.c.i.CJPPluginManager$URLInstaller#install: Requested [INSTALL] of plugin [blueocean-personalization] to version [1.23.2] completed
2020-08-26 15:43:39.675+0000 [id=27]	INFO	c.c.j.c.i.CJPPluginManager$URLInstaller#install: Requested [INSTALL] of plugin [blueocean-pipeline-editor] to version [1.23.2] completed
2020-08-26 15:43:39.677+0000 [id=27]	INFO	c.c.j.c.i.CJPPluginManager$URLInstaller#install: Requested [INSTALL] of plugin [blueocean-autofavorite] to version [1.2.4] completed
2020-08-26 15:43:39.680+0000 [id=27]	INFO	c.c.j.c.i.CJPPluginManager$URLInstaller#install: Requested [INSTALL] of plugin [blueocean-display-url] to version [2.3.1] completed
2020-08-26 15:43:39.729+0000 [id=27]	INFO	c.c.j.c.i.CJPPluginManager$URLInstaller#install: Requested [INSTALL] of plugin [pipeline-milestone-step] to version [1.3.1] completed
2020-08-26 15:43:39.731+0000 [id=27]	INFO	c.c.j.c.i.CJPPluginManager$URLInstaller#install: Requested [INSTALL] of plugin [blueocean] to version [1.23.2] completed
2020-08-26 15:43:39.738+0000 [id=27]	INFO	c.c.j.c.i.CJPPluginManager$URLInstaller#install: Requested [INSTALL] of plugin [bluesteel-master] to version [1.2.34] completed
2020-08-26 15:43:39.744+0000 [id=27]	INFO	c.c.j.c.i.CJPPluginManager$URLInstaller#install: Requested [INSTALL] of plugin [cloudbees-jsync-archiver] to version [5.12] completed
2020-08-26 15:43:39.746+0000 [id=27]	INFO	c.c.j.c.i.CJPPluginManager$URLInstaller#install: Requested [INSTALL] of plugin [cloudbees-nodes-plus] to version [1.21] completed
2020-08-26 15:43:39.752+0000 [id=27]	INFO	c.c.j.c.i.CJPPluginManager$URLInstaller#install: Requested [INSTALL] of plugin [cloudbees-workflow-template] to version [3.7] completed
2020-08-26 15:43:39.753+0000 [id=27]	INFO	c.c.j.c.i.CJPPluginManager$URLInstaller#install: Requested [INSTALL] of plugin [workflow-cps-checkpoint] to version [2.10] completed
2020-08-26 15:43:39.755+0000 [id=27]	INFO	c.c.j.c.i.CJPPluginManager$URLInstaller#install: Requested [INSTALL] of plugin [pipeline-rest-api] to version [2.13] completed
2020-08-26 15:43:39.756+0000 [id=27]	INFO	c.c.j.c.i.CJPPluginManager$URLInstaller#install: Requested [INSTALL] of plugin [handlebars] to version [1.1.1] completed
2020-08-26 15:43:39.757+0000 [id=27]	INFO	c.c.j.c.i.CJPPluginManager$URLInstaller#install: Requested [INSTALL] of plugin [momentjs] to version [1.1.1] completed
2020-08-26 15:43:39.759+0000 [id=27]	INFO	c.c.j.c.i.CJPPluginManager$URLInstaller#install: Requested [INSTALL] of plugin [pipeline-stage-view] to version [2.13] completed
2020-08-26 15:43:39.760+0000 [id=27]	INFO	c.c.j.c.i.CJPPluginManager$URLInstaller#install: Requested [INSTALL] of plugin [node-iterator-api] to version [1.5.0] completed
2020-08-26 15:43:39.764+0000 [id=27]	INFO	c.c.j.c.i.CJPPluginManager$URLInstaller#install: Requested [INSTALL] of plugin [ec2] to version [1.50.3] completed
2020-08-26 15:43:39.769+0000 [id=27]	INFO	c.c.j.c.i.CJPPluginManager$URLInstaller#install: Requested [INSTALL] of plugin [email-ext] to version [2.69] completed
2020-08-26 15:43:39.839+0000 [id=27]	INFO	c.c.j.c.i.CJPPluginManager$URLInstaller#install: Requested [INSTALL] of plugin [infradna-backup] to version [3.38.20] completed
2020-08-26 15:43:39.841+0000 [id=27]	INFO	c.c.j.c.i.CJPPluginManager$URLInstaller#install: Requested [INSTALL] of plugin [ldap] to version [1.24] completed
2020-08-26 15:43:39.842+0000 [id=27]	INFO	c.c.j.c.i.CJPPluginManager$URLInstaller#install: Requested [INSTALL] of plugin [operations-center-analytics-config] to version [2.222.0.1] completed
2020-08-26 15:43:39.845+0000 [id=27]	INFO	c.c.j.c.i.CJPPluginManager$URLInstaller#install: Requested [INSTALL] of plugin [operations-center-analytics-reporter] to version [2.222.0.1] completed
2020-08-26 15:43:39.847+0000 [id=27]	INFO	c.c.j.c.i.CJPPluginManager$URLInstaller#install: Requested [INSTALL] of plugin [operations-center-cloud] to version [2.235.0.2] completed
2020-08-26 15:43:39.848+0000 [id=27]	INFO	c.c.j.c.i.CJPPluginManager$URLInstaller#install: Requested [INSTALL] of plugin [pipeline-github-lib] to version [1.0] completed
2020-08-26 15:43:39.850+0000 [id=27]	INFO	c.c.j.c.i.CJPPluginManager$URLInstaller#install: Requested [INSTALL] of plugin [pipeline-model-declarative-agent] to version [1.1.1] completed
2020-08-26 15:43:39.949+0000 [id=27]	INFO	c.c.j.c.i.CJPPluginManager$URLInstaller#install: Requested [INSTALL] of plugin [saml] to version [1.1.6] completed
2020-08-26 15:43:39.957+0000 [id=27]	INFO	c.c.j.c.i.CJPPluginManager$URLInstaller#install: Requested [INSTALL] of plugin [ssh-agent] to version [1.20] completed
2020-08-26 15:43:39.960+0000 [id=27]	INFO	c.c.j.c.i.CJPPluginManager$URLInstaller#install: Requested [INSTALL] of plugin [timestamper] to version [1.11.3] completed
2020-08-26 15:43:39.967+0000 [id=27]	INFO	c.c.j.c.i.CJPPluginManager$URLInstaller#install: Requested [INSTALL] of plugin [wikitext] to version [3.13] completed
2020-08-26 15:43:39.969+0000 [id=27]	INFO	c.c.j.c.i.CJPPluginManager$URLInstaller#install: Requested [INSTALL] of plugin [windows-slaves] to version [1.6] completed
2020-08-26 15:43:39.970+0000 [id=27]	INFO	c.c.j.c.i.CJPPluginManager$URLInstaller#install: Requested [INSTALL] of plugin [workflow-aggregator] to version [2.5] completed
2020-08-26 15:43:39.971+0000 [id=27]	INFO	c.c.j.c.i.CJPPluginManager$URLInstaller#install: Requested [INSTALL] of plugin [build-timestamp] to version [1.0.3] completed
2020-08-26 15:43:39.973+0000 [id=27]	INFO	c.c.j.c.i.CJPPluginManager$URLInstaller#install: Requested [INSTALL] of plugin [uno-choice] to version [2.4] completed
2020-08-26 15:43:39.974+0000 [id=27]	INFO	c.c.j.c.i.CJPPluginManager$URLInstaller#install: Requested [INSTALL] of plugin [scriptler] to version [3.1] completed
2020-08-26 15:43:40.003+0000 [id=27]	INFO	c.c.j.c.i.CJPPluginManager$URLInstaller#install: Requested [INSTALL] of plugin [sonar] to version [2.11] completed
2020-08-26 15:43:40.005+0000 [id=27]	INFO	c.c.j.c.i.CJPPluginManager$URLInstaller#install: Requested [INSTALL] of plugin [splunk-devops-extend] to version [1.9.3] completed
2020-08-26 15:43:40.012+0000 [id=27]	INFO	c.c.j.c.i.CJPPluginManager$URLInstaller#install: Requested [INSTALL] of plugin [splunk-devops] to version [1.9.3] completed
2020-08-26 15:43:40.014+0000 [id=27]	INFO	c.c.j.c.i.CJPPluginManager$URLInstaller#install: Requested [INSTALL] of plugin [resource-disposer] to version [0.14] completed
2020-08-26 15:43:40.030+0000 [id=27]	INFO	c.c.j.c.i.CJPPluginManager$URLInstaller#install: Requested [INSTALL] of plugin [ansicolor] to version [0.7.1] completed
2020-08-26 15:43:40.032+0000 [id=27]	INFO	c.c.j.c.i.CJPPluginManager$URLInstaller#install: Requested [INSTALL] of plugin [github-organization-folder] to version [1.6] completed
2020-08-26 15:43:40.034+0000 [id=27]	INFO	c.c.j.c.i.CJPPluginManager$URLInstaller#install: Requested [INSTALL] of plugin [build-user-vars-plugin] to version [1.5] completed
2020-08-26 15:43:40.036+0000 [id=27]	INFO	c.c.j.c.i.CJPPluginManager$URLInstaller#install: Requested [INSTALL] of plugin [badge] to version [1.8] completed
2020-08-26 15:43:40.037+0000 [id=27]	INFO	c.c.j.c.i.CJPPluginManager$URLInstaller#install: Requested [INSTALL] of plugin [throttle-concurrents] to version [2.0.2] completed
2020-08-26 15:43:40.039+0000 [id=27]	INFO	c.c.j.c.i.CJPPluginManager$URLInstaller#install: Requested [INSTALL] of plugin [sectioned-view] to version [1.25] completed
2020-08-26 15:43:40.040+0000 [id=27]	INFO	c.c.j.c.i.CJPPluginManager$URLInstaller#install: Requested [INSTALL] of plugin [hidden-parameter] to version [0.0.4] completed
2020-08-26 15:43:40.041+0000 [id=27]	INFO	c.c.j.c.i.CJPPluginManager$URLInstaller#install: Requested [INSTALL] of plugin [description-setter] to version [1.10] completed
2020-08-26 15:43:40.068+0000 [id=27]	INFO	c.c.j.c.i.CJPPluginManager$URLInstaller#install: Requested [INSTALL] of plugin [ws-cleanup] to version [0.38] completed
2020-08-26 15:43:40.075+0000 [id=27]	INFO	c.c.j.c.i.CJPPluginManager$URLInstaller#install: Requested [INSTALL] of plugin [pipeline-maven] to version [3.8.2] completed
2020-08-26 15:43:40.079+0000 [id=27]	INFO	c.c.j.c.i.CJPPluginManager$URLInstaller#install: Requested [INSTALL] of plugin [slack] to version [2.40] completed
2020-08-26 15:43:40.089+0000 [id=27]	INFO	c.c.j.c.i.CJPPluginManager$URLInstaller#install: Requested [INSTALL] of plugin [h2-api] to version [1.4.199] completed
2020-08-26 15:43:40.101+0000 [id=27]	INFO	c.c.j.c.i.CJPPluginManager$URLInstaller#install: Requested [INSTALL] of plugin [pipeline-utility-steps] to version [2.6.0] completed
2020-08-26 15:43:40.103+0000 [id=27]	INFO	c.c.j.c.i.CJPPluginManager$URLInstaller#install: Requested [INSTALL] of plugin [groovy-postbuild] to version [2.5] completed
2020-08-26 15:43:54.386+0000 [id=26]	INFO	jenkins.InitReactorRunner$1#onAttained: Listed all plugins
2020-08-26 15:43:55.731+0000 [id=26]	INFO	o.j.p.s.ScriptlerPluginImpl#synchronizeConfig: initialize Scriptler
2020-08-26 15:44:22.679+0000 [id=26]	INFO	jenkins.InitReactorRunner$1#onAttained: Prepared all plugins
2020-08-26 15:44:29.650+0000 [id=26]	INFO	jenkins.InitReactorRunner$1#onAttained: Started all plugins
2020-08-26 15:44:29.834+0000 [id=26]	INFO	jenkins.InitReactorRunner$1#onAttained: Augmented all extensions
2020-08-26 15:44:31.448+0000 [id=26]	INFO	c.c.o.c.c.ConfigurationSnippetRefresher#<init>: ConfigurationSnippetRefresher configured with recurrence period of 60,000ms
2020-08-26 15:44:33.453+0000 [id=26]	INFO	jenkins.InitReactorRunner$1#onAttained: System config loaded
2020-08-26 15:44:37.263+0000 [id=26]	WARNING	jenkins.model.Jenkins#setSlaveAgentPort: setSlaveAgentPort(50000) call ignored because system property jenkins.model.Jenkins.slaveAgentPortEnforce is true
2020-08-26 15:44:38.566+0000 [id=26]	INFO	o.s.c.s.AbstractApplicationContext#prepareRefresh: Refreshing org.springframework.web.context.support.StaticWebApplicationContext@7d437564: display name [Root WebApplicationContext]; startup date [Wed Aug 26 15:44:38 UTC 2020]; root of context hierarchy
2020-08-26 15:44:38.567+0000 [id=26]	INFO	o.s.c.s.AbstractApplicationContext#obtainFreshBeanFactory: Bean factory for application context [org.springframework.web.context.support.StaticWebApplicationContext@7d437564]: org.springframework.beans.factory.support.DefaultListableBeanFactory@146aa06a
2020-08-26 15:44:38.581+0000 [id=26]	INFO	o.s.b.f.s.DefaultListableBeanFactory#preInstantiateSingletons: Pre-instantiating singletons in org.springframework.beans.factory.support.DefaultListableBeanFactory@146aa06a: defining beans [filter,legacy]; root of factory hierarchy
2020-08-26 15:44:41.555+0000 [id=26]	INFO	jenkins.InitReactorRunner$1#onAttained: System config adapted
2020-08-26 15:44:41.555+0000 [id=26]	INFO	jenkins.InitReactorRunner$1#onAttained: Loaded all jobs
2020-08-26 15:44:41.556+0000 [id=27]	INFO	o.j.p.u.i.IdStoreMigratorV1ToV2#migrateIdStore: Starting migration of IDs
2020-08-26 15:44:41.564+0000 [id=27]	INFO	o.j.p.u.i.IdStoreMigratorV1ToV2#performMigration: migration of unique IDs for Jobs and Folders complete - will continue to process Runs in the background.
2020-08-26 15:44:41.567+0000 [id=63]	INFO	o.j.p.u.i.IdStoreMigratorV1ToV2$RunIDMigrationThread#run: Finished unique-id migration of builds in 0 minutes 0 seconds.  Processed 0 runs from 0 jobs.
2020-08-26 15:44:41.576+0000 [id=27]	WARNING	o.j.r.u.AnonymousClassWarnings#warn: Attempt to (de-)serialize synthetic class hudson.plugins.sonar.SonarGlobalConfiguration$$Lambda$234/275669908 in file:/tmp/jenkins/plugins/sonar/WEB-INF/lib/sonar.jar; see: https://jenkins.io/redirect/serialization-of-anonymous-classes/
2020-08-26 15:44:41.632+0000 [id=27]	INFO	c.c.o.context.Messaging$Local#openStore: Starting Messaging
2020-08-26 15:44:41.641+0000 [id=26]	INFO	c.c.o.c.p.OperationsCenterRootAction$DescriptorImpl#initiate: Loading from system properties
2020-08-26 15:44:41.641+0000 [id=26]	INFO	c.c.o.c.p.OperationsCenterRootAction$DescriptorImpl#loadFromSystemProperties: Setting the external URL of the master: http://cjoc.cje-support-general.svc.cluster.local/carlosrodlop-mm-5/
2020-08-26 15:44:41.648+0000 [id=26]	INFO	c.c.o.c.p.OperationsCenterRootAction$DescriptorImpl#loadFromSystemProperties: Setting the resource URL of the master: https://resources.core.gcp.support.beescloud.com/carlosrodlop-mm-5/
2020-08-26 15:44:41.944+0000 [id=26]	INFO	c.c.o.c.p.OperationsCenterRootAction$DescriptorImpl#setEnabledState: Enabled
2020-08-26 15:44:41.952+0000 [id=26]	INFO	c.c.o.client.cloud.PluginImpl#addCloud: Added operations center cloud
2020-08-26 15:44:42.039+0000 [id=26]	INFO	c.c.o.c.p.RemoteContextNotifier#notifyRegistered: Registered with context.
2020-08-26 15:44:42.136+0000 [id=27]	INFO	c.c.j.p.a.CloudBeesAssurance#checkInstalledExtension: Checking the validity of the Plugin Catalog
2020-08-26 15:44:42.158+0000 [id=27]	INFO	c.c.j.p.a.r.e.ParsedEnvelopeExtension$Loader#fromJSON: Parsing Plugin Catalog
2020-08-26 15:44:42.160+0000 [id=27]	INFO	c.c.j.p.a.r.e.Configuration#lambda$fromJSON$1: Ignoring 'excludePlugins' and 'upstream' sections...
2020-08-26 15:44:42.161+0000 [id=27]	INFO	c.c.j.p.a.r.e.ParsedEnvelopeExtension$Provided#expand: Expanding Plugin Catalog to retrieve all the plugins information
2020-08-26 15:44:42.161+0000 [id=27]	INFO	c.c.j.p.a.r.e.Configuration$Provided#lambda$expand$7: Expanding configuration to retrieve all the plugins information
2020-08-26 15:44:42.239+0000 [id=69]	INFO	c.c.j.p.a.r.e.PluginConfiguration$Tier3#lambda$expandWithValidation$2: Expanding plugin configuration (build-timestamp)
2020-08-26 15:44:42.240+0000 [id=71]	INFO	c.c.j.p.a.r.e.PluginConfiguration$Tier3#lambda$expandWithValidation$2: Expanding plugin configuration (aws-secrets-manager-credentials-provider)
2020-08-26 15:44:42.243+0000 [id=71]	INFO	c.c.j.p.a.r.e.PluginConfiguration$Tier3#lambda$expandWithValidation$2: Expanding plugin configuration (uno-choice)
2020-08-26 15:44:42.253+0000 [id=71]	INFO	c.c.j.p.a.r.e.PluginConfiguration$Tier3#lambda$expandWithValidation$2: Expanding plugin configuration (scriptler)
2020-08-26 15:44:42.258+0000 [id=71]	INFO	c.c.j.p.a.r.e.PluginConfiguration$Tier3#lambda$expandWithValidation$2: Expanding plugin configuration (sonar)
2020-08-26 15:44:42.335+0000 [id=69]	INFO	c.c.j.p.a.r.e.PluginConfiguration$Tier3#lambda$expandWithValidation$2: Expanding plugin configuration (splunk-devops-extend)
2020-08-26 15:44:42.339+0000 [id=69]	INFO	c.c.j.p.a.r.e.PluginConfiguration$Tier3#lambda$expandWithValidation$2: Expanding plugin configuration (splunk-devops)
2020-08-26 15:44:42.451+0000 [id=69]	INFO	c.c.j.p.a.r.e.PluginConfiguration$Tier3#lambda$expandWithValidation$2: Expanding plugin configuration (resource-disposer)
2020-08-26 15:44:42.454+0000 [id=69]	INFO	c.c.j.p.a.r.e.PluginConfiguration$Tier3#lambda$expandWithValidation$2: Expanding plugin configuration (ansicolor)
2020-08-26 15:44:42.456+0000 [id=69]	INFO	c.c.j.p.a.r.e.PluginConfiguration$Tier3#lambda$expandWithValidation$2: Expanding plugin configuration (github-organization-folder)
2020-08-26 15:44:42.531+0000 [id=69]	INFO	c.c.j.p.a.r.e.PluginConfiguration$Tier3#lambda$expandWithValidation$2: Expanding plugin configuration (build-user-vars-plugin)
2020-08-26 15:44:42.538+0000 [id=69]	INFO	c.c.j.p.a.r.e.PluginConfiguration$Tier3#lambda$expandWithValidation$2: Expanding plugin configuration (badge)
2020-08-26 15:44:42.546+0000 [id=69]	INFO	c.c.j.p.a.r.e.PluginConfiguration$Tier3#lambda$expandWithValidation$2: Expanding plugin configuration (throttle-concurrents)
2020-08-26 15:44:42.550+0000 [id=69]	INFO	c.c.j.p.a.r.e.PluginConfiguration$Tier3#lambda$expandWithValidation$2: Expanding plugin configuration (sectioned-view)
2020-08-26 15:44:42.553+0000 [id=69]	INFO	c.c.j.p.a.r.e.PluginConfiguration$Tier3#lambda$expandWithValidation$2: Expanding plugin configuration (hidden-parameter)
2020-08-26 15:44:42.554+0000 [id=69]	INFO	c.c.j.p.a.r.e.PluginConfiguration$Tier3#lambda$expandWithValidation$2: Expanding plugin configuration (description-setter)
2020-08-26 15:44:42.555+0000 [id=69]	INFO	c.c.j.p.a.r.e.PluginConfiguration$Tier3#lambda$expandWithValidation$2: Expanding plugin configuration (ws-cleanup)
2020-08-26 15:44:42.630+0000 [id=70]	INFO	c.c.o.c.p.OperationsCenterRootAction$DescriptorImpl#setApprovedState: Approved
2020-08-26 15:44:42.834+0000 [id=70]	INFO	c.c.o.c.p.OperationsCenterRootAction$DescriptorImpl#setConnectedState: Connected
2020-08-26 15:44:43.030+0000 [id=71]	INFO	c.c.j.p.a.r.e.PluginConfiguration$Tier3#lambda$expandWithValidation$2: Expanding plugin configuration (pipeline-maven)
2020-08-26 15:44:43.129+0000 [id=71]	INFO	c.c.j.p.a.r.e.PluginConfiguration$Tier3#lambda$expandWithValidation$2: Expanding plugin configuration (slack)
2020-08-26 15:44:43.146+0000 [i	at hudson.model.Descriptor.<init>(Descriptor.java:295)
	at hudson.scm.SCMDescriptor.<init>(SCMDescriptor.java:71)d=71]	INFO	c.c.j.p.a.r.e.PluginConfiguration$Tier3#lambda$expandWithValidation$2: Expanding plugin configuration (saml)
2020-08-26 15:44:43.159+0000 [id=69]	INFO	c.c.j.p.a.r.e.PluginConfiguration$Tier3#lambda$expandWithValidation$2: Expanding plugin configuration (h2-api)
2020-08-26 15:44:43.334+0000 [id=69]	INFO	c.c.j.p.a.r.e.PluginConfiguration$Tier3#lambda$expandWithValidation$2: Expanding plugin configuration (pipeline-utility-steps)
2020-08-26 15:44:43.446+0000 [id=69]	INFO	c.c.j.p.a.r.e.PluginConfiguration$Tier3#lambda$expandWithValidation$2: Expanding plugin configuration (groovy-postbuild)
2020-08-26 15:44:44.545+0000 [id=27]	INFO	c.c.j.p.a.CloudBeesAssurance#validateExtension: Validating the Plugin Catalog
2020-08-26 15:44:44.551+0000 [id=27]	INFO	c.c.j.p.a.CloudBeesAssurance#loadAndExpandExtension: Loading and expanding the Plugin Catalog to retrieve all the information
2020-08-26 15:44:45.241+0000 [id=26]	INFO	jenkins.InitReactorRunner$1#onAttained: Configuration for all jobs updated
2020-08-26 15:44:45.247+0000 [id=26]	INFO	j.util.groovy.GroovyHookScript#execute: Executing /var/jenkins_home/init.groovy.d/init_01_launch_configure_jenkins.groovy
2020-08-26 15:44:45.344+0000 [id=27]	INFO	c.c.j.p.a.r.e.ParsedEnvelopeExtension$Loader#fromJSON: Parsing Plugin Catalog
2020-08-26 15:44:45.346+0000 [id=27]	INFO	c.c.j.p.a.r.e.Configuration#lambda$fromJSON$1: Ignoring 'excludePlugins' and 'upstream' sections...
2020-08-26 15:44:45.347+0000 [id=27]	INFO	c.c.j.p.a.r.e.ParsedEnvelopeExtension$Provided#expand: Expanding Plugin Catalog to retrieve all the plugins information
2020-08-26 15:44:45.348+0000 [id=27]	INFO	c.c.j.p.a.r.e.Configuration$Provided#lambda$expand$7: Expanding configuration to retrieve all the plugins information
2020-08-26 15:44:45.431+0000 [id=84]	INFO	c.c.j.p.a.r.e.PluginConfiguration$Tier3#lambda$expandWithValidation$2: Expanding plugin configuration (build-timestamp)
2020-08-26 15:44:45.434+0000 [id=85]	INFO	c.c.j.p.a.r.e.PluginConfiguration$Tier3#lambda$expandWithValidation$2: Expanding plugin configuration (aws-secrets-manager-credentials-provider)
2020-08-26 15:44:45.441+0000 [id=85]	INFO	c.c.j.p.a.r.e.PluginConfiguration$Tier3#lambda$expandWithValidation$2: Expanding plugin configuration (uno-choice)
2020-08-26 15:44:45.448+0000 [id=84]	INFO	c.c.j.p.a.r.e.PluginConfiguration$Tier3#lambda$expandWithValidation$2: Expanding plugin configuration (scriptler)
2020-08-26 15:44:45.451+0000 [id=85]	INFO	c.c.j.p.a.r.e.PluginConfiguration$Tier3#lambda$expandWithValidation$2: Expanding plugin configuration (sonar)
2020-08-26 15:44:45.537+0000 [id=84]	INFO	c.c.j.p.a.r.e.PluginConfiguration$Tier3#lambda$expandWithValidation$2: Expanding plugin configuration (splunk-devops-extend)
2020-08-26 15:44:45.539+0000 [id=84]	INFO	c.c.j.p.a.r.e.PluginConfiguration$Tier3#lambda$expandWithValidation$2: Expanding plugin configuration (splunk-devops)
2020-08-26 15:44:45.738+0000 [id=84]	INFO	c.c.j.p.a.r.e.PluginConfiguration$Tier3#lambda$expandWithValidation$2: Expanding plugin configuration (resource-disposer)
2020-08-26 15:44:45.744+0000 [id=84]	INFO	c.c.j.p.a.r.e.PluginConfiguration$Tier3#lambda$expandWithValidation$2: Expanding plugin configuration (ansicolor)
2020-08-26 15:44:45.748+0000 [id=84]	INFO	c.c.j.p.a.r.e.PluginConfiguration$Tier3#lambda$expandWithValidation$2: Expanding plugin configuration (github-organization-folder)
2020-08-26 15:44:45.754+0000 [id=84]	INFO	c.c.j.p.a.r.e.PluginConfiguration$Tier3#lambda$expandWithValidation$2: Expanding plugin configuration (build-user-vars-plugin)
2020-08-26 15:44:45.833+0000 [id=84]	INFO	c.c.j.p.a.r.e.PluginConfiguration$Tier3#lambda$expandWithValidation$2: Expanding plugin configuration (badge)
2020-08-26 15:44:45.839+0000 [id=84]	INFO	c.c.j.p.a.r.e.PluginConfiguration$Tier3#lambda$expandWithValidation$2: Expanding plugin configuration (throttle-concurrents)
2020-08-26 15:44:45.842+0000 [id=84]	INFO	c.c.j.p.a.r.e.PluginConfiguration$Tier3#lambda$expandWithValidation$2: Expanding plugin configuration (sectioned-view)
2020-08-26 15:44:45.845+0000 [id=84]	INFO	c.c.j.p.a.r.e.PluginConfiguration$Tier3#lambda$expandWithValidation$2: Expanding plugin configuration (hidden-parameter)
2020-08-26 15:44:45.933+0000 [id=84]	INFO	c.c.j.p.a.r.e.PluginConfiguration$Tier3#lambda$expandWithValidation$2: Expanding plugin configuration (description-setter)
2020-08-26 15:44:45.935+0000 [id=84]	INFO	c.c.j.p.a.r.e.PluginConfiguration$Tier3#lambda$expandWithValidation$2: Expanding plugin configuration (ws-cleanup)
2020-08-26 15:44:46.029+0000 [id=85]	INFO	c.c.j.p.a.r.e.PluginConfiguration$Tier3#lambda$expandWithValidation$2: Expanding plugin configuration (pipeline-maven)
2020-08-26 15:44:46.053+0000 [id=85]	INFO	c.c.j.p.a.r.e.PluginConfiguration$Tier3#lambda$expandWithValidation$2: Expanding plugin configuration (slack)
2020-08-26 15:44:46.140+0000 [id=85]	INFO	c.c.j.p.a.r.e.PluginConfiguration$Tier3#lambda$expandWithValidation$2: Expanding plugin configuration (saml)
2020-08-26 15:44:46.342+0000 [id=84]	INFO	c.c.j.p.a.r.e.PluginConfiguration$Tier3#lambda$expandWithValidation$2: Expanding plugin configuration (h2-api)
2020-08-26 15:44:46.643+0000 [id=84]	INFO	c.c.j.p.a.r.e.PluginConfiguration$Tier3#lambda$expandWithValidation$2: Expanding plugin configuration (pipeline-utility-steps)
2020-08-26 15:44:46.933+0000 [id=84]	INFO	c.c.j.p.a.r.e.PluginConfiguration$Tier3#lambda$expandWithValidation$2: Expanding plugin configuration (groovy-postbuild)
2020-08-26 15:44:47.650+0000 [id=27]	INFO	c.c.j.p.a.CloudBeesAssurance#setInstalledExtension: Plugin Catalog "0-hyperloop" set as active
2020-08-26 15:44:47.742+0000 [id=90]	INFO	c.c.j.p.a.m.UpdateSiteDataProvider$Value#get: Beekeeper is parsing UpdateSite core-mm-offline
2020-08-26 15:44:47.753+0000 [id=90]	INFO	c.c.j.p.a.m.UpdateSiteDataProvider$Value#get: Beekeeper is parsing UpdateSite cap-core-mm
2020-08-26 15:44:47.838+0000 [id=83]	INFO	hudson.license.LicenseListener#fireAfterUpdate: firing the license update notification
2020-08-26 15:44:47.854+0000 [id=83]	INFO	j.util.groovy.GroovyHookScript#execute: Executing /var/jenkins_home/license-activated-or-renewed-after-expiration.groovy.d/init_01_launch_configure_jenkins.groovy
2020-08-26 15:44:49.452+0000 [id=101]	INFO	hudson.model.AsyncPeriodicWork#lambda$doRun$0: Started Download metadata
2020-08-26 15:44:49.552+0000 [id=101]	INFO	hudson.util.Retrier#start: Attempt #1 to do the action check updates server
2020-08-26 15:44:49.652+0000 [id=83]	INFO	java_util_logging_Logger$info$0#call: License is valid, invoke configuration
2020-08-26 15:44:49.840+0000 [id=26]	INFO	java_util_logging_Logger$info$0#call: License is valid, invoke configuration
2020-08-26 15:44:49.842+0000 [id=83]	INFO	j.util.groovy.GroovyHookScript#execute: Executing /var/jenkins_home/configure-jenkins.groovy.d/01-master-executors.groovy
2020-08-26 15:44:50.155+0000 [id=26]	INFO	j.util.groovy.GroovyHookScript#execute: Executing /var/jenkins_home/configure-jenkins.groovy.d/01-master-executors.groovy
--> disabling master executors
--> disabling master executors
2020-08-26 15:44:51.139+0000 [id=83]	INFO	j.util.groovy.GroovyHookScript#execute: Executing /var/jenkins_home/configure-jenkins.groovy.d/02-first-start-create-eval-job.groovy
2020-08-26 15:44:51.145+0000 [id=26]	INFO	j.util.groovy.GroovyHookScript#execute: Executing /var/jenkins_home/configure-jenkins.groovy.d/02-first-start-create-eval-job.groovy
2020-08-26 15:44:51.157+0000 [id=27]	INFO	o.s.c.s.AbstractApplicationContext#prepareRefresh: Refreshing org.springframework.web.context.support.StaticWebApplicationContext@551244c4: display name [Root WebApplicationContext]; startup date [Wed Aug 26 15:44:51 UTC 2020]; root of context hierarchy
2020-08-26 15:44:51.230+0000 [id=27]	INFO	o.s.c.s.AbstractApplicationContext#obtainFreshBeanFactory: Bean factory for application context [org.springframework.web.context.support.StaticWebApplicationContext@551244c4]: org.springframework.beans.factory.support.DefaultListableBeanFactory@5b2c97a5
2020-08-26 15:44:51.233+0000 [id=27]	INFO	o.s.b.f.s.DefaultListableBeanFactory#preInstantiateSingletons: Pre-instantiating singletons in org.springframework.beans.factory.support.DefaultListableBeanFactory@5b2c97a5: defining beans [filter,legacy]; root of factory hierarchy
2020-08-26 15:44:51.633+0000 [id=102]	INFO	c.c.j.p.l.n.CloudBeesUpdateSite#updateData: Obtained the latest update center data file for UpdateSource bk-internal-offline
2020-08-26 15:44:51.634+0000 [id=101]	INFO	c.c.j.p.l.n.CloudBeesUpdateSite#updateData: Obtained the latest update center data file for UpdateSource bk-internal-offline
2020-08-26 15:44:53.250+0000 [id=83]	INFO	j.util.groovy.GroovyHookScript#execute: Executing /var/jenkins_home/configure-jenkins.groovy.d/03-fixed-sshd-port.groovy
2020-08-26 15:44:53.336+0000 [id=26]	INFO	j.util.groovy.GroovyHookScript#execute: Executing /var/jenkins_home/configure-jenkins.groovy.d/03-fixed-sshd-port.groovy
2020-08-26 15:44:55.130+0000 [id=26]	INFO	j.util.groovy.GroovyHookScript#execute: Executing /var/jenkins_home/init.groovy.d/init_02_administrativeMonitor.groovy
2020-08-26 15:44:57.529+0000 [id=90]	INFO	c.c.j.p.a.m.UpdateSiteDataProvider$Value#get: Beekeeper is parsing UpdateSite virtual-cap-core-mm
2020-08-26 15:44:58.651+0000 [id=67]	INFO	c.c.o.c.p.OperationsCenterRoleMatrixAuthorizationConfig$RemoteContextListenerImpl#onRemoteContextChanged: Switching to RBAC configuration provided by remote context
2020-08-26 15:44:59.117+0000 [id=67]	INFO	c.c.o.c.c.CloudConfigurationSnippetHandler#consume: Applied/updated Clouds configuration [Operations Center Agent Provisioning Service, kubernetes]
2020-08-26 15:44:59.332+0000 [id=26]	SEVERE	c.c.j.s.i.c.TcpSlaveAgentListenerMonitor#disable: TcpSlaveAgentListenerMonitor administrative monitor is deprecated, it will be deleted in a later release. Please adjust your code to NOT reference it anymore.
2020-08-26 15:44:59.837+0000 [id=67]	INFO	o.c.j.p.k.KubernetesClientProvider$SaveableListenerImpl#onChange: Invalidating Kubernetes client: kubernetes null
2020-08-26 15:45:00.142+0000 [id=26]	INFO	o.c.j.p.k.KubernetesClientProvider$SaveableListenerImpl#onChange: Invalidating Kubernetes client: kubernetes null
2020-08-26 15:45:00.143+0000 [id=27]	INFO	jenkins.InitReactorRunner$1#onAttained: Completed initialization
2020-08-26 15:45:00.251+0000 [id=20]	INFO	o.c.j.p.k.KubernetesClientProvider$SaveableListenerImpl#onChange: Invalidating Kubernetes client: kubernetes null
2020-08-26 15:45:00.553+0000 [id=20]	INFO	hudson.WebAppMain$3#run: Jenkins is fully up and running
