++ exec java -Duser.home=/var/jenkins_home -Djenkins.model.Jenkins.slaveAgentPortEnforce=true -Djenkins.model.Jenkins.slaveAgentPort=50000 -Dhudson.TcpSlaveAgentListener.port=50005 -DMASTER_GRANT_ID=e05d374a-e2d9-4cda-b36c-cff251ce7e51 -DMASTER_DOMAIN=carlosrodlop-mm-4 -Dcb.IMProp.warProfiles.cje=kubernetes.json -DMASTER_INDEX=4 -DMASTER_OPERATIONSCENTER_ENDPOINT=http://cjoc.cje-support-general.svc.cluster.local/cjoc/ -Dhudson.lifecycle=hudson.lifecycle.ExitLifecycle -DMASTER_NAME=carlosrodlop-mm-4 -DMASTER_ENDPOINT=https://core.gcp.support.beescloud.com/carlosrodlop-mm-4/ -DMASTER_RESOURCE_URL=https://resources.core.gcp.support.beescloud.com/carlosrodlop-mm-4/ -Dcore.casc.config.bundle=/var/casc-bundle/bundle-link.yaml -XshowSettings:vm -XX:+AlwaysPreTouch -XX:+UseG1GC -XX:+ExplicitGCInvokesConcurrent -XX:+ParallelRefProcEnabled -XX:+UseStringDeduplication -Dhudson.slaves.NodeProvisioner.initialDelay=0 -Dhudson.DNSMultiCast.disabled=true -Dorg.csanchez.jenkins.plugins.kubernetes.pipeline.PodTemplateStepExecution.defaultImage=cloudbees/cloudbees-core-agent:2.235.5.1 -jar '-Dcb.distributable.name=Docker Common CJE' -Dcb.distributable.commit_sha=5a0fc90a4b106305de93d5bf90216b470873c9c8 /usr/share/jenkins/jenkins.war --webroot=/tmp/jenkins/war --pluginroot=/tmp/jenkins/plugins --prefix=/carlosrodlop-mm-4/
VM settings:
    Max. Heap Size (Estimated): 734.00M
    Ergonomics Machine Class: server
    Using VM: OpenJDK 64-Bit Server VM

Running from: /usr/share/jenkins/jenkins.war
2020-08-26 14:53:44.850+0000 [id=1]	INFO	org.eclipse.jetty.util.log.Log#initialized: Logging initialized @1181ms to org.eclipse.jetty.util.log.JavaUtilLog
2020-08-26 14:53:45.182+0000 [id=1]	INFO	winstone.Logger#logInternal: Beginning extraction from war file
2020-08-26 14:53:52.403+0000 [id=1]	INFO	org.eclipse.jetty.server.Server#doStart: jetty-9.4.30.v20200611; built: 2020-06-11T12:34:51.929Z; git: 271836e4c1f4612f12b7bb13ef5a92a927634b0d; jvm 1.8.0_262-b10
2020-08-26 14:53:53.170+0000 [id=1]	INFO	o.e.j.w.StandardDescriptorProcessor#visitServlet: NO JSP Support for /carlosrodlop-mm-4, did not find org.eclipse.jetty.jsp.JettyJspServlet
2020-08-26 14:53:53.284+0000 [id=1]	INFO	o.e.j.s.s.DefaultSessionIdManager#doStart: DefaultSessionIdManager workerName=node0
2020-08-26 14:53:53.362+0000 [id=1]	INFO	o.e.j.s.s.DefaultSessionIdManager#doStart: No SessionScavenger set, using defaults
2020-08-26 14:53:53.368+0000 [id=1]	INFO	o.e.j.server.session.HouseKeeper#startScavenging: node0 Scavenging every 660000ms
2020-08-26 14:53:53.564+0000 [id=1]	INFO	c.c.j.i.b.RestoreServletListener#contextInitialized: Jenkins restore listener found no infradna-backup-restore.properties, continuing without restore.
2020-08-26 14:53:54.479+0000 [id=1]	INFO	hudson.WebAppMain#contextInitialized: Jenkins home directory: /var/jenkins_home found at: EnvVars.masterEnvVars.get("JENKINS_HOME")
2020-08-26 14:53:54.862+0000 [id=1]	INFO	o.e.j.s.handler.ContextHandler#doStart: Started w.@57a48985{CloudBees CI Managed Master,/carlosrodlop-mm-4,file:///tmp/jenkins/war/,AVAILABLE}{/tmp/jenkins/war}
2020-08-26 14:53:54.975+0000 [id=1]	INFO	o.e.j.server.AbstractConnector#doStart: Started ServerConnector@7f69d591{HTTP/1.1, (http/1.1)}{0.0.0.0:8080}
2020-08-26 14:53:54.976+0000 [id=1]	INFO	org.eclipse.jetty.server.Server#doStart: Started @11362ms
2020-08-26 14:53:55.051+0000 [id=21]	INFO	winstone.Logger#logInternal: Winstone Servlet Engine running: controlPort=disabled
2020-08-26 14:53:57.488+0000 [id=26]	INFO	jenkins.InitReactorRunner$1#onAttained: Started initialization
2020-08-26 14:53:59.858+0000 [id=27]	INFO	c.c.j.c.i.CJPPluginManager$StartUp$1#apply: Core Configuration as Code is enabled
2020-08-26 14:53:59.859+0000 [id=27]	INFO	c.c.j.c.i.CJPPluginManager$StartUp$1#apply: Proxy established for plugin catalog. Proxy at squid-proxy.cje-support-general.svc.cluster.local:3128
2020-08-26 14:53:59.865+0000 [id=27]	INFO	c.c.j.p.a.r.e.ParsedEnvelopeExtension$Loader#fromJSON: Parsing Plugin Catalog
2020-08-26 14:53:59.896+0000 [id=27]	INFO	c.c.j.p.a.r.e.Configuration#lambda$fromJSON$1: Ignoring 'excludePlugins' and 'upstream' sections...
2020-08-26 14:53:59.952+0000 [id=27]	INFO	c.c.j.p.a.r.e.ParsedEnvelopeExtension$Provided#expand: Expanding Plugin Catalog to retrieve all the plugins information
2020-08-26 14:53:59.956+0000 [id=27]	INFO	c.c.j.p.a.r.e.Configuration$Provided#lambda$expand$7: Expanding configuration to retrieve all the plugins information
2020-08-26 14:53:59.971+0000 [id=34]	INFO	c.c.j.p.a.r.e.PluginConfiguration$Tier3#lambda$expandWithValidation$2: Expanding plugin configuration (build-timestamp)
2020-08-26 14:53:59.974+0000 [id=35]	INFO	c.c.j.p.a.r.e.PluginConfiguration$Tier3#lambda$expandWithValidation$2: Expanding plugin configuration (aws-secrets-manager-credentials-provider)
2020-08-26 14:54:01.278+0000 [id=35]	INFO	c.c.j.p.a.r.e.PluginConfiguration$Tier3#lambda$expandWithValidation$2: Expanding plugin configuration (uno-choice)
2020-08-26 14:54:01.424+0000 [id=34]	INFO	c.c.j.p.a.r.e.PluginConfiguration$Tier3#lambda$expandWithValidation$2: Expanding plugin configuration (scriptler)
2020-08-26 14:54:01.488+0000 [id=35]	INFO	c.c.j.p.a.r.e.PluginConfiguration$Tier3#lambda$expandWithValidation$2: Expanding plugin configuration (sonar)
2020-08-26 14:54:01.560+0000 [id=34]	INFO	c.c.j.p.a.r.e.PluginConfiguration$Tier3#lambda$expandWithValidation$2: Expanding plugin configuration (splunk-devops-extend)
2020-08-26 14:54:01.682+0000 [id=34]	INFO	c.c.j.p.a.r.e.PluginConfiguration$Tier3#lambda$expandWithValidation$2: Expanding plugin configuration (splunk-devops)
2020-08-26 14:54:02.173+0000 [id=34]	INFO	c.c.j.p.a.r.e.PluginConfiguration$Tier3#lambda$expandWithValidation$2: Expanding plugin configuration (resource-disposer)
2020-08-26 14:54:02.287+0000 [id=34]	INFO	c.c.j.p.a.r.e.PluginConfiguration$Tier3#lambda$expandWithValidation$2: Expanding plugin configuration (ansicolor)
2020-08-26 14:54:02.454+0000 [id=34]	INFO	c.c.j.p.a.r.e.PluginConfiguration$Tier3#lambda$expandWithValidation$2: Expanding plugin configuration (github-organization-folder)
2020-08-26 14:54:02.563+0000 [id=35]	INFO	c.c.j.p.a.r.e.PluginConfiguration$Tier3#lambda$expandWithValidation$2: Expanding plugin configuration (build-user-vars-plugin)
2020-08-26 14:54:02.575+0000 [id=34]	INFO	c.c.j.p.a.r.e.PluginConfiguration$Tier3#lambda$expandWithValidation$2: Expanding plugin configuration (badge)
2020-08-26 14:54:02.682+0000 [id=35]	INFO	c.c.j.p.a.r.e.PluginConfiguration$Tier3#lambda$expandWithValidation$2: Expanding plugin configuration (throttle-concurrents)
2020-08-26 14:54:02.693+0000 [id=34]	INFO	c.c.j.p.a.r.e.PluginConfiguration$Tier3#lambda$expandWithValidation$2: Expanding plugin configuration (sectioned-view)
2020-08-26 14:54:02.816+0000 [id=35]	INFO	c.c.j.p.a.r.e.PluginConfiguration$Tier3#lambda$expandWithValidation$2: Expanding plugin configuration (hidden-parameter)
2020-08-26 14:54:02.824+0000 [id=34]	INFO	c.c.j.p.a.r.e.PluginConfiguration$Tier3#lambda$expandWithValidation$2: Expanding plugin configuration (description-setter)
2020-08-26 14:54:02.934+0000 [id=35]	INFO	c.c.j.p.a.r.e.PluginConfiguration$Tier3#lambda$expandWithValidation$2: Expanding plugin configuration (ws-cleanup)
2020-08-26 14:54:02.943+0000 [id=34]	INFO	c.c.j.p.a.r.e.PluginConfiguration$Tier3#lambda$expandWithValidation$2: Expanding plugin configuration (pipeline-maven)
2020-08-26 14:54:03.179+0000 [id=34]	INFO	c.c.j.p.a.r.e.PluginConfiguration$Tier3#lambda$expandWithValidation$2: Expanding plugin configuration (template-project)
2020-08-26 14:54:03.361+0000 [id=34]	INFO	c.c.j.p.a.r.e.PluginConfiguration$Tier3#lambda$expandWithValidation$2: Expanding plugin configuration (slack)
2020-08-26 14:54:03.461+0000 [id=35]	INFO	c.c.j.p.a.r.e.PluginConfiguration$Tier3#lambda$expandWithValidation$2: Expanding plugin configuration (saml)
2020-08-26 14:54:03.507+0000 [id=34]	INFO	c.c.j.p.a.r.e.PluginConfiguration$Tier3#lambda$expandWithValidation$2: Expanding plugin configuration (h2-api)
2020-08-26 14:54:04.178+0000 [id=34]	INFO	c.c.j.p.a.r.e.PluginConfiguration$Tier3#lambda$expandWithValidation$2: Expanding plugin configuration (pipeline-utility-steps)
2020-08-26 14:54:04.569+0000 [id=34]	INFO	c.c.j.p.a.r.e.PluginConfiguration$Tier3#lambda$expandWithValidation$2: Expanding plugin configuration (groovy-postbuild)
2020-08-26 14:54:04.701+0000 [id=27]	INFO	c.c.j.c.i.CJPPluginManager$StartUp$1#apply: Using JCasC config: /var/jenkins_home/core-casc-bundle/jenkins.yaml
2020-08-26 14:54:04.713+0000 [id=27]	WARNING	c.c.j.c.i.ProfileSource$ProfileResourceHelper#getInputStreamFromResource: Ignoring classpath profile [cb-profiles/kubernetes.json], resource [/WEB-INF/cb-profiles/kubernetes.json] not found
2020-08-26 14:54:04.725+0000 [id=27]	WARNING	c.c.j.c.i.install.State#dependencies: Plugin [clover] skipped from profile as it is not part of the envelope or envelope extension.
2020-08-26 14:54:04.726+0000 [id=27]	WARNING	c.c.j.c.i.install.State#dependencies: Plugin [cobertura] skipped from profile as it is not part of the envelope or envelope extension.
2020-08-26 14:54:04.726+0000 [id=27]	WARNING	c.c.j.c.i.install.State#dependencies: Plugin [cucumber-testresult-plugin] skipped from profile as it is not part of the envelope or envelope extension.
2020-08-26 14:54:04.750+0000 [id=27]	WARNING	c.c.j.c.i.install.State#dependencies: Plugin [testng-plugin] skipped from profile as it is not part of the envelope or envelope extension.
2020-08-26 14:54:04.750+0000 [id=27]	WARNING	c.c.j.c.i.install.State#dependencies: Plugin [multiple-scms] skipped from profile as it is not part of the envelope or envelope extension.
2020-08-26 14:54:04.751+0000 [id=27]	WARNING	c.c.j.c.i.install.State#dependencies: Plugin [configurationslicing] skipped from profile as it is not part of the envelope or envelope extension.
2020-08-26 14:54:04.751+0000 [id=27]	WARNING	c.c.j.c.i.install.State#dependencies: Plugin [mysql-api] skipped from profile as it is not part of the envelope or envelope extension.
2020-08-26 14:54:04.751+0000 [id=27]	WARNING	c.c.j.c.i.install.State#dependencies: Plugin [postgresql-api] skipped from profile as it is not part of the envelope or envelope extension.
2020-08-26 14:54:04.752+0000 [id=27]	WARNING	c.c.j.c.i.install.State#dependencies: Plugin [jgiven] skipped from profile as it is not part of the envelope or envelope extension.
2020-08-26 14:54:04.752+0000 [id=27]	WARNING	c.c.j.c.i.install.State#dependencies: Plugin [junit-attachments] skipped from profile as it is not part of the envelope or envelope extension.
2020-08-26 14:54:04.752+0000 [id=27]	WARNING	c.c.j.c.i.install.State#dependencies: Plugin [maven-invoker-plugin] skipped from profile as it is not part of the envelope or envelope extension.
2020-08-26 14:54:04.752+0000 [id=27]	WARNING	c.c.j.c.i.install.State#dependencies: Plugin [findbugs] skipped from profile as it is not part of the envelope or envelope extension.
2020-08-26 14:54:04.752+0000 [id=27]	WARNING	c.c.j.c.i.install.State#dependencies: Plugin [tasks] skipped from profile as it is not part of the envelope or envelope extension.
2020-08-26 14:54:04.778+0000 [id=27]	INFO	c.c.j.c.i.CJPPluginManager$URLInstaller#install: Requested [INSTALL] of plugin [ace-editor] to version [1.1] completed
2020-08-26 14:54:04.784+0000 [id=27]	INFO	c.c.j.c.i.CJPPluginManager$URLInstaller#install: Requested [INSTALL] of plugin [apache-httpcomponents-client-4-api] to version [4.5.10-2.0] completed
2020-08-26 14:54:04.791+0000 [id=27]	INFO	c.c.j.c.i.CJPPluginManager$URLInstaller#install: Requested [INSTALL] of plugin [async-http-client] to version [1.7.24.3] completed
2020-08-26 14:54:04.851+0000 [id=27]	INFO	c.c.j.c.i.CJPPluginManager$URLInstaller#install: Requested [INSTALL] of plugin [snakeyaml-api] to version [1.26.4] completed
2020-08-26 14:54:04.853+0000 [id=27]	INFO	c.c.j.c.i.CJPPluginManager$URLInstaller#install: Requested [INSTALL] of plugin [structs] to version [1.20] completed
2020-08-26 14:54:04.858+0000 [id=27]	INFO	c.c.j.c.i.CJPPluginManager$URLInstaller#install: Requested [INSTALL] of plugin [credentials] to version [2.3.11] completed
2020-08-26 14:54:04.859+0000 [id=27]	INFO	c.c.j.c.i.CJPPluginManager$URLInstaller#install: Requested [INSTALL] of plugin [authentication-tokens] to version [1.4] completed
2020-08-26 14:54:04.867+0000 [id=27]	INFO	c.c.j.c.i.CJPPluginManager$URLInstaller#install: Requested [INSTALL] of plugin [jackson2-api] to version [2.11.1] completed
2020-08-26 14:54:04.869+0000 [id=27]	INFO	c.c.j.c.i.CJPPluginManager$URLInstaller#install: Requested [INSTALL] of plugin [blueocean-commons] to version [1.23.2] completed
2020-08-26 14:54:04.883+0000 [id=27]	INFO	c.c.j.c.i.CJPPluginManager$URLInstaller#install: Requested [INSTALL] of plugin [bouncycastle-api] to version [2.18] completed
2020-08-26 14:54:04.953+0000 [id=27]	INFO	c.c.j.c.i.CJPPluginManager$URLInstaller#install: Requested [INSTALL] of plugin [cloudbees-license] to version [9.43] completed
2020-08-26 14:54:04.955+0000 [id=27]	INFO	c.c.j.c.i.CJPPluginManager$URLInstaller#install: Requested [INSTALL] of plugin [nectar-license] to version [8.28] completed
2020-08-26 14:54:04.957+0000 [id=27]	INFO	c.c.j.c.i.CJPPluginManager$URLInstaller#install: Requested [INSTALL] of plugin [workflow-step-api] to version [2.22] completed
2020-08-26 14:54:04.959+0000 [id=27]	INFO	c.c.j.c.i.CJPPluginManager$URLInstaller#install: Requested [INSTALL] of plugin [scm-api] to version [2.6.3] completed
2020-08-26 14:54:04.961+0000 [id=27]	INFO	c.c.j.c.i.CJPPluginManager$URLInstaller#install: Requested [INSTALL] of plugin [workflow-api] to version [2.40] completed
2020-08-26 14:54:04.965+0000 [id=27]	INFO	c.c.j.c.i.CJPPluginManager$URLInstaller#install: Requested [INSTALL] of plugin [script-security] to version [1.74] completed
2020-08-26 14:54:04.968+0000 [id=27]	INFO	c.c.j.c.i.CJPPluginManager$URLInstaller#install: Requested [INSTALL] of plugin [workflow-support] to version [3.5] completed
2020-08-26 14:54:04.983+0000 [id=27]	INFO	c.c.j.c.i.CJPPluginManager$URLInstaller#install: Requested [INSTALL] of plugin [durable-task] to version [1.34] completed
2020-08-26 14:54:04.984+0000 [id=27]	INFO	c.c.j.c.i.CJPPluginManager$URLInstaller#install: Requested [INSTALL] of plugin [variant] to version [1.3] completed
2020-08-26 14:54:04.987+0000 [id=27]	INFO	c.c.j.c.i.CJPPluginManager$URLInstaller#install: Requested [INSTALL] of plugin [metrics] to version [4.0.2.6] completed
2020-08-26 14:54:04.990+0000 [id=27]	INFO	c.c.j.c.i.CJPPluginManager$URLInstaller#install: Requested [INSTALL] of plugin [support-core] to version [2.69] completed
2020-08-26 14:54:05.053+0000 [id=27]	INFO	c.c.j.c.i.CJPPluginManager$URLInstaller#install: Requested [INSTALL] of plugin [cloudbees-assurance] to version [2.138.0.15] completed
2020-08-26 14:54:05.055+0000 [id=27]	INFO	c.c.j.c.i.CJPPluginManager$URLInstaller#install: Requested [INSTALL] of plugin [jdk-tool] to version [1.4] completed
2020-08-26 14:54:05.058+0000 [id=27]	INFO	c.c.j.c.i.CJPPluginManager$URLInstaller#install: Requested [INSTALL] of plugin [trilead-api] to version [1.0.8] completed
2020-08-26 14:54:05.059+0000 [id=27]	INFO	c.c.j.c.i.CJPPluginManager$URLInstaller#install: Requested [INSTALL] of plugin [ssh-credentials] to version [1.18.1] completed
2020-08-26 14:54:05.061+0000 [id=27]	INFO	c.c.j.c.i.CJPPluginManager$URLInstaller#install: Requested [INSTALL] of plugin [cloudbees-folder] to version [6.14] completed
2020-08-26 14:54:05.066+0000 [id=27]	INFO	c.c.j.c.i.CJPPluginManager$URLInstaller#install: Requested [INSTALL] of plugin [nectar-rbac] to version [5.39] completed
2020-08-26 14:54:05.068+0000 [id=27]	INFO	c.c.j.c.i.CJPPluginManager$URLInstaller#install: Requested [INSTALL] of plugin [operations-center-agent] to version [2.235.0.2] completed
2020-08-26 14:54:05.069+0000 [id=27]	INFO	c.c.j.c.i.CJPPluginManager$URLInstaller#install: Requested [INSTALL] of plugin [cloudbees-folders-plus] to version [3.10] completed
2020-08-26 14:54:05.071+0000 [id=27]	INFO	c.c.j.c.i.CJPPluginManager$URLInstaller#install: Requested [INSTALL] of plugin [display-url-api] to version [2.3.2] completed
2020-08-26 14:54:05.072+0000 [id=27]	INFO	c.c.j.c.i.CJPPluginManager$URLInstaller#install: Requested [INSTALL] of plugin [mailer] to version [1.32] completed
2020-08-26 14:54:05.075+0000 [id=27]	INFO	c.c.j.c.i.CJPPluginManager$URLInstaller#install: Requested [INSTALL] of plugin [junit] to version [1.29] completed
2020-08-26 14:54:05.078+0000 [id=27]	INFO	c.c.j.c.i.CJPPluginManager$URLInstaller#install: Requested [INSTALL] of plugin [token-macro] to version [2.12] completed
2020-08-26 14:54:05.080+0000 [id=27]	INFO	c.c.j.c.i.CJPPluginManager$URLInstaller#install: Requested [INSTALL] of plugin [workflow-job] to version [2.39] completed
2020-08-26 14:54:05.082+0000 [id=27]	INFO	c.c.j.c.i.CJPPluginManager$URLInstaller#install: Requested [INSTALL] of plugin [mapdb-api] to version [1.0.9.0] completed
2020-08-26 14:54:05.083+0000 [id=27]	INFO	c.c.j.c.i.CJPPluginManager$URLInstaller#install: Requested [INSTALL] of plugin [unique-id] to version [2.2.0] completed
2020-08-26 14:54:05.088+0000 [id=27]	INFO	c.c.j.c.i.CJPPluginManager$URLInstaller#install: Requested [INSTALL] of plugin [operations-center-context] to version [2.235.0.5] completed
2020-08-26 14:54:05.090+0000 [id=27]	INFO	c.c.j.c.i.CJPPluginManager$URLInstaller#install: Requested [INSTALL] of plugin [operations-center-client] to version [2.235.0.5] completed
2020-08-26 14:54:05.091+0000 [id=27]	INFO	c.c.j.c.i.CJPPluginManager$URLInstaller#install: Requested [INSTALL] of plugin [cloudbees-administrative-monitors] to version [1.0.1] completed
2020-08-26 14:54:05.092+0000 [id=27]	INFO	c.c.j.c.i.CJPPluginManager$URLInstaller#install: Requested [INSTALL] of plugin [workflow-scm-step] to version [2.11] completed
2020-08-26 14:54:05.094+0000 [id=27]	INFO	c.c.j.c.i.CJPPluginManager$URLInstaller#install: Requested [INSTALL] of plugin [jquery-detached] to version [1.2.1] completed
2020-08-26 14:54:05.152+0000 [id=27]	INFO	c.c.j.c.i.CJPPluginManager$URLInstaller#install: Requested [INSTALL] of plugin [workflow-cps] to version [2.80] completed
2020-08-26 14:54:05.161+0000 [id=27]	INFO	c.c.j.c.i.CJPPluginManager$URLInstaller#install: Requested [INSTALL] of plugin [pipeline-model-api] to version [1.7.0] completed
2020-08-26 14:54:05.166+0000 [id=27]	INFO	c.c.j.c.i.CJPPluginManager$URLInstaller#install: Requested [INSTALL] of plugin [plain-credentials] to version [1.7] completed
2020-08-26 14:54:05.168+0000 [id=27]	INFO	c.c.j.c.i.CJPPluginManager$URLInstaller#install: Requested [INSTALL] of plugin [credentials-binding] to version [1.23] completed
2020-08-26 14:54:05.169+0000 [id=27]	INFO	c.c.j.c.i.CJPPluginManager$URLInstaller#install: Requested [INSTALL] of plugin [pipeline-stage-step] to version [2.4] completed
2020-08-26 14:54:05.171+0000 [id=27]	INFO	c.c.j.c.i.CJPPluginManager$URLInstaller#install: Requested [INSTALL] of plugin [pipeline-model-extensions] to version [1.7.0] completed
2020-08-26 14:54:05.174+0000 [id=27]	INFO	c.c.j.c.i.CJPPluginManager$URLInstaller#install: Requested [INSTALL] of plugin [cloudbees-analytics] to version [1.26] completed
2020-08-26 14:54:05.176+0000 [id=27]	INFO	c.c.j.c.i.CJPPluginManager$URLInstaller#install: Requested [INSTALL] of plugin [cloudbees-blueocean-default-theme] to version [0.8] completed
2020-08-26 14:54:05.177+0000 [id=27]	INFO	c.c.j.c.i.CJPPluginManager$URLInstaller#install: Requested [INSTALL] of plugin [cloudbees-support] to version [3.23] completed
2020-08-26 14:54:05.180+0000 [id=27]	INFO	c.c.j.c.i.CJPPluginManager$URLInstaller#install: Requested [INSTALL] of plugin [cloudbees-uc-data-api] to version [4.43] completed
2020-08-26 14:54:05.182+0000 [id=27]	INFO	c.c.j.c.i.CJPPluginManager$URLInstaller#install: Requested [INSTALL] of plugin [command-launcher] to version [1.4] completed
2020-08-26 14:54:05.183+0000 [id=27]	INFO	c.c.j.c.i.CJPPluginManager$URLInstaller#install: Requested [INSTALL] of plugin [form-element-path] to version [1.8] completed
2020-08-26 14:54:05.186+0000 [id=27]	INFO	c.c.j.c.i.CJPPluginManager$URLInstaller#install: Requested [INSTALL] of plugin [jaxb] to version [2.3.0.1] completed
2020-08-26 14:54:05.271+0000 [id=27]	INFO	c.c.j.c.i.CJPPluginManager$URLInstaller#install: Requested [INSTALL] of plugin [kubernetes-client-api] to version [4.9.2-2] completed
2020-08-26 14:54:05.272+0000 [id=27]	INFO	c.c.j.c.i.CJPPluginManager$URLInstaller#install: Requested [INSTALL] of plugin [oauth-credentials] to version [0.4] completed
2020-08-26 14:54:05.273+0000 [id=27]	INFO	c.c.j.c.i.CJPPluginManager$URLInstaller#install: Requested [INSTALL] of plugin [kubernetes-credentials] to version [0.7.0] completed
2020-08-26 14:54:05.276+0000 [id=27]	INFO	c.c.j.c.i.CJPPluginManager$URLInstaller#install: Requested [INSTALL] of plugin [kubernetes] to version [1.26.4] completed
2020-08-26 14:54:05.278+0000 [id=27]	INFO	c.c.j.c.i.CJPPluginManager$URLInstaller#install: Requested [INSTALL] of plugin [kube-agent-management] to version [1.1.35] completed
2020-08-26 14:54:05.286+0000 [id=27]	INFO	c.c.j.c.i.CJPPluginManager$URLInstaller#install: Requested [INSTALL] of plugin [configuration-as-code] to version [1.41] completed
2020-08-26 14:54:05.288+0000 [id=27]	INFO	c.c.j.c.i.CJPPluginManager$URLInstaller#install: Requested [INSTALL] of plugin [workflow-durable-task-step] to version [2.35] completed
2020-08-26 14:54:05.352+0000 [id=27]	INFO	c.c.j.c.i.CJPPluginManager$URLInstaller#install: Requested [INSTALL] of plugin [cloudbees-ssh-slaves] to version [2.7] completed
2020-08-26 14:54:05.354+0000 [id=27]	INFO	c.c.j.c.i.CJPPluginManager$URLInstaller#install: Requested [INSTALL] of plugin [cloudbees-monitoring] to version [2.9] completed
2020-08-26 14:54:05.357+0000 [id=27]	INFO	c.c.j.c.i.CJPPluginManager$URLInstaller#install: Requested [INSTALL] of plugin [jsch] to version [0.1.55.2] completed
2020-08-26 14:54:05.359+0000 [id=27]	INFO	c.c.j.c.i.CJPPluginManager$URLInstaller#install: Requested [INSTALL] of plugin [config-file-provider] to version [3.6.3] completed
2020-08-26 14:54:05.361+0000 [id=27]	INFO	c.c.j.c.i.CJPPluginManager$URLInstaller#install: Requested [INSTALL] of plugin [cloudbees-template] to version [4.45] completed
2020-08-26 14:54:05.363+0000 [id=27]	INFO	c.c.j.c.i.CJPPluginManager$URLInstaller#install: Requested [INSTALL] of plugin [matrix-project] to version [1.17] completed
2020-08-26 14:54:05.375+0000 [id=27]	INFO	c.c.j.c.i.CJPPluginManager$URLInstaller#install: Requested [INSTALL] of plugin [git-client] to version [3.3.2] completed
2020-08-26 14:54:05.381+0000 [id=27]	INFO	c.c.j.c.i.CJPPluginManager$URLInstaller#install: Requested [INSTALL] of plugin [git] to version [4.2.1] completed
2020-08-26 14:54:05.383+0000 [id=27]	INFO	c.c.j.c.i.CJPPluginManager$URLInstaller#install: Requested [INSTALL] of plugin [branch-api] to version [2.5.8] completed
2020-08-26 14:54:05.385+0000 [id=27]	INFO	c.c.j.c.i.CJPPluginManager$URLInstaller#install: Requested [INSTALL] of plugin [workflow-multibranch] to version [2.21] completed
2020-08-26 14:54:05.386+0000 [id=27]	INFO	c.c.j.c.i.CJPPluginManager$URLInstaller#install: Requested [INSTALL] of plugin [workflow-basic-steps] to version [2.20] completed
2020-08-26 14:54:05.388+0000 [id=27]	INFO	c.c.j.c.i.CJPPluginManager$URLInstaller#install: Requested [INSTALL] of plugin [git-server] to version [1.9] completed
2020-08-26 14:54:05.451+0000 [id=27]	INFO	c.c.j.c.i.CJPPluginManager$URLInstaller#install: Requested [INSTALL] of plugin [workflow-cps-global-lib] to version [2.16] completed
2020-08-26 14:54:05.452+0000 [id=27]	INFO	c.c.j.c.i.CJPPluginManager$URLInstaller#install: Requested [INSTALL] of plugin [docker-commons] to version [1.17] completed
2020-08-26 14:54:05.455+0000 [id=27]	INFO	c.c.j.c.i.CJPPluginManager$URLInstaller#install: Requested [INSTALL] of plugin [docker-workflow] to version [1.23] completed
2020-08-26 14:54:05.456+0000 [id=27]	INFO	c.c.j.c.i.CJPPluginManager$URLInstaller#install: Requested [INSTALL] of plugin [pipeline-input-step] to version [2.11] completed
2020-08-26 14:54:05.457+0000 [id=27]	INFO	c.c.j.c.i.CJPPluginManager$URLInstaller#install: Requested [INSTALL] of plugin [pipeline-stage-tags-metadata] to version [1.7.0] completed
2020-08-26 14:54:05.461+0000 [id=27]	INFO	c.c.j.c.i.CJPPluginManager$URLInstaller#install: Requested [INSTALL] of plugin [pipeline-model-definition] to version [1.7.0] completed
2020-08-26 14:54:05.473+0000 [id=27]	INFO	c.c.j.c.i.CJPPluginManager$URLInstaller#install: Requested [INSTALL] of plugin [google-oauth-plugin] to version [1.0.0] completed
2020-08-26 14:54:05.483+0000 [id=27]	INFO	c.c.j.c.i.CJPPluginManager$URLInstaller#install: Requested [INSTALL] of plugin [antisamy-markup-formatter] to version [2.1] completed
2020-08-26 14:54:05.902+0000 [id=27]	INFO	c.c.j.c.i.CJPPluginManager$URLInstaller#install: Requested [INSTALL] of plugin [aws-java-sdk] to version [1.11.821] completed
2020-08-26 14:54:05.903+0000 [id=27]	INFO	c.c.j.c.i.CJPPluginManager$URLInstaller#install: Requested [INSTALL] of plugin [aws-credentials] to version [1.28] completed
2020-08-26 14:54:05.904+0000 [id=27]	INFO	c.c.j.c.i.CJPPluginManager$URLInstaller#install: Requested [INSTALL] of plugin [blueocean-rest] to version [1.23.2] completed
2020-08-26 14:54:05.905+0000 [id=27]	INFO	c.c.j.c.i.CJPPluginManager$URLInstaller#install: Requested [INSTALL] of plugin [pubsub-light] to version [1.13] completed
2020-08-26 14:54:05.908+0000 [id=27]	INFO	c.c.j.c.i.CJPPluginManager$URLInstaller#install: Requested [INSTALL] of plugin [blueocean-pipeline-scm-api] to version [1.23.2] completed
2020-08-26 14:54:05.910+0000 [id=27]	INFO	c.c.j.c.i.CJPPluginManager$URLInstaller#install: Requested [INSTALL] of plugin [blueocean-jwt] to version [1.23.2] completed
2020-08-26 14:54:05.918+0000 [id=27]	INFO	c.c.j.c.i.CJPPluginManager$URLInstaller#install: Requested [INSTALL] of plugin [jenkins-design-language] to version [1.23.2] completed
2020-08-26 14:54:05.923+0000 [id=27]	INFO	c.c.j.c.i.CJPPluginManager$URLInstaller#install: Requested [INSTALL] of plugin [blueocean-core-js] to version [1.23.2] completed
2020-08-26 14:54:05.928+0000 [id=27]	INFO	c.c.j.c.i.CJPPluginManager$URLInstaller#install: Requested [INSTALL] of plugin [blueocean-web] to version [1.23.2] completed
2020-08-26 14:54:05.930+0000 [id=27]	INFO	c.c.j.c.i.CJPPluginManager$URLInstaller#install: Requested [INSTALL] of plugin [favorite] to version [2.3.2] completed
2020-08-26 14:54:05.932+0000 [id=27]	INFO	c.c.j.c.i.CJPPluginManager$URLInstaller#install: Requested [INSTALL] of plugin [blueocean-rest-impl] to version [1.23.2] completed
2020-08-26 14:54:05.953+0000 [id=27]	INFO	c.c.j.c.i.CJPPluginManager$URLInstaller#install: Requested [INSTALL] of plugin [okhttp-api] to version [3.14.9] completed
2020-08-26 14:54:05.956+0000 [id=27]	INFO	c.c.j.c.i.CJPPluginManager$URLInstaller#install: Requested [INSTALL] of plugin [github-api] to version [1.115] completed
2020-08-26 14:54:05.959+0000 [id=27]	INFO	c.c.j.c.i.CJPPluginManager$URLInstaller#install: Requested [INSTALL] of plugin [github] to version [1.31.0] completed
2020-08-26 14:54:05.961+0000 [id=27]	INFO	c.c.j.c.i.CJPPluginManager$URLInstaller#install: Requested [INSTALL] of plugin [github-branch-source] to version [2.8.3] completed
2020-08-26 14:54:05.963+0000 [id=27]	INFO	c.c.j.c.i.CJPPluginManager$URLInstaller#install: Requested [INSTALL] of plugin [htmlpublisher] to version [1.23] completed
2020-08-26 14:54:05.964+0000 [id=27]	INFO	c.c.j.c.i.CJPPluginManager$URLInstaller#install: Requested [INSTALL] of plugin [pipeline-build-step] to version [2.12] completed
2020-08-26 14:54:05.965+0000 [id=27]	INFO	c.c.j.c.i.CJPPluginManager$URLInstaller#install: Requested [INSTALL] of plugin [pipeline-graph-analysis] to version [1.10] completed
2020-08-26 14:54:05.967+0000 [id=27]	INFO	c.c.j.c.i.CJPPluginManager$URLInstaller#install: Requested [INSTALL] of plugin [blueocean-pipeline-api-impl] to version [1.23.2] completed
2020-08-26 14:54:05.970+0000 [id=27]	INFO	c.c.j.c.i.CJPPluginManager$URLInstaller#install: Requested [INSTALL] of plugin [handy-uri-templates-2-api] to version [2.1.8-1.0] completed
2020-08-26 14:54:05.972+0000 [id=27]	INFO	c.c.j.c.i.CJPPluginManager$URLInstaller#install: Requested [INSTALL] of plugin [mercurial] to version [2.10] completed
2020-08-26 14:54:05.974+0000 [id=27]	INFO	c.c.j.c.i.CJPPluginManager$URLInstaller#install: Requested [INSTALL] of plugin [cloudbees-bitbucket-branch-source] to version [2.9.1] completed
2020-08-26 14:54:05.983+0000 [id=27]	INFO	c.c.j.c.i.CJPPluginManager$URLInstaller#install: Requested [INSTALL] of plugin [blueocean-bitbucket-pipeline] to version [1.23.2] completed
2020-08-26 14:54:05.984+0000 [id=27]	INFO	c.c.j.c.i.CJPPluginManager$URLInstaller#install: Requested [INSTALL] of plugin [blueocean-config] to version [1.23.2] completed
2020-08-26 14:54:05.994+0000 [id=27]	INFO	c.c.j.c.i.CJPPluginManager$URLInstaller#install: Requested [INSTALL] of plugin [blueocean-dashboard] to version [1.23.2] completed
2020-08-26 14:54:05.995+0000 [id=27]	INFO	c.c.j.c.i.CJPPluginManager$URLInstaller#install: Requested [INSTALL] of plugin [sse-gateway] to version [1.23] completed
2020-08-26 14:54:06.009+0000 [id=27]	INFO	c.c.j.c.i.CJPPluginManager$URLInstaller#install: Requested [INSTALL] of plugin [blueocean-events] to version [1.23.2] completed
2020-08-26 14:54:06.012+0000 [id=27]	INFO	c.c.j.c.i.CJPPluginManager$URLInstaller#install: Requested [INSTALL] of plugin [blueocean-git-pipeline] to version [1.23.2] completed
2020-08-26 14:54:06.014+0000 [id=27]	INFO	c.c.j.c.i.CJPPluginManager$URLInstaller#install: Requested [INSTALL] of plugin [blueocean-github-pipeline] to version [1.23.2] completed
2020-08-26 14:54:06.015+0000 [id=27]	INFO	c.c.j.c.i.CJPPluginManager$URLInstaller#install: Requested [INSTALL] of plugin [blueocean-i18n] to version [1.23.2] completed
2020-08-26 14:54:06.061+0000 [id=27]	INFO	c.c.j.c.i.CJPPluginManager$URLInstaller#install: Requested [INSTALL] of plugin [jira] to version [3.1.1] completed
2020-08-26 14:54:06.068+0000 [id=27]	INFO	c.c.j.c.i.CJPPluginManager$URLInstaller#install: Requested [INSTALL] of plugin [blueocean-jira] to version [1.23.2] completed
2020-08-26 14:54:06.071+0000 [id=27]	INFO	c.c.j.c.i.CJPPluginManager$URLInstaller#install: Requested [INSTALL] of plugin [blueocean-personalization] to version [1.23.2] completed
2020-08-26 14:54:06.075+0000 [id=27]	INFO	c.c.j.c.i.CJPPluginManager$URLInstaller#install: Requested [INSTALL] of plugin [blueocean-pipeline-editor] to version [1.23.2] completed
2020-08-26 14:54:06.077+0000 [id=27]	INFO	c.c.j.c.i.CJPPluginManager$URLInstaller#install: Requested [INSTALL] of plugin [blueocean-autofavorite] to version [1.2.4] completed
2020-08-26 14:54:06.079+0000 [id=27]	INFO	c.c.j.c.i.CJPPluginManager$URLInstaller#install: Requested [INSTALL] of plugin [blueocean-display-url] to version [2.3.1] completed
2020-08-26 14:54:06.080+0000 [id=27]	INFO	c.c.j.c.i.CJPPluginManager$URLInstaller#install: Requested [INSTALL] of plugin [pipeline-milestone-step] to version [1.3.1] completed
2020-08-26 14:54:06.081+0000 [id=27]	INFO	c.c.j.c.i.CJPPluginManager$URLInstaller#install: Requested [INSTALL] of plugin [blueocean] to version [1.23.2] completed
2020-08-26 14:54:06.086+0000 [id=27]	INFO	c.c.j.c.i.CJPPluginManager$URLInstaller#install: Requested [INSTALL] of plugin [bluesteel-master] to version [1.2.34] completed
2020-08-26 14:54:06.092+0000 [id=27]	INFO	c.c.j.c.i.CJPPluginManager$URLInstaller#install: Requested [INSTALL] of plugin [cloudbees-jsync-archiver] to version [5.12] completed
2020-08-26 14:54:06.094+0000 [id=27]	INFO	c.c.j.c.i.CJPPluginManager$URLInstaller#install: Requested [INSTALL] of plugin [cloudbees-nodes-plus] to version [1.21] completed
2020-08-26 14:54:06.151+0000 [id=27]	INFO	c.c.j.c.i.CJPPluginManager$URLInstaller#install: Requested [INSTALL] of plugin [cloudbees-workflow-template] to version [3.7] completed
2020-08-26 14:54:06.152+0000 [id=27]	INFO	c.c.j.c.i.CJPPluginManager$URLInstaller#install: Requested [INSTALL] of plugin [workflow-cps-checkpoint] to version [2.10] completed
2020-08-26 14:54:06.153+0000 [id=27]	INFO	c.c.j.c.i.CJPPluginManager$URLInstaller#install: Requested [INSTALL] of plugin [pipeline-rest-api] to version [2.13] completed
2020-08-26 14:54:06.155+0000 [id=27]	INFO	c.c.j.c.i.CJPPluginManager$URLInstaller#install: Requested [INSTALL] of plugin [handlebars] to version [1.1.1] completed
2020-08-26 14:54:06.156+0000 [id=27]	INFO	c.c.j.c.i.CJPPluginManager$URLInstaller#install: Requested [INSTALL] of plugin [momentjs] to version [1.1.1] completed
2020-08-26 14:54:06.158+0000 [id=27]	INFO	c.c.j.c.i.CJPPluginManager$URLInstaller#install: Requested [INSTALL] of plugin [pipeline-stage-view] to version [2.13] completed
2020-08-26 14:54:06.159+0000 [id=27]	INFO	c.c.j.c.i.CJPPluginManager$URLInstaller#install: Requested [INSTALL] of plugin [node-iterator-api] to version [1.5.0] completed
2020-08-26 14:54:06.163+0000 [id=27]	INFO	c.c.j.c.i.CJPPluginManager$URLInstaller#install: Requested [INSTALL] of plugin [ec2] to version [1.50.3] completed
2020-08-26 14:54:06.166+0000 [id=27]	INFO	c.c.j.c.i.CJPPluginManager$URLInstaller#install: Requested [INSTALL] of plugin [email-ext] to version [2.69] completed
2020-08-26 14:54:06.177+0000 [id=27]	INFO	c.c.j.c.i.CJPPluginManager$URLInstaller#install: Requested [INSTALL] of plugin [infradna-backup] to version [3.38.20] completed
2020-08-26 14:54:06.178+0000 [id=27]	INFO	c.c.j.c.i.CJPPluginManager$URLInstaller#install: Requested [INSTALL] of plugin [ldap] to version [1.24] completed
2020-08-26 14:54:06.179+0000 [id=27]	INFO	c.c.j.c.i.CJPPluginManager$URLInstaller#install: Requested [INSTALL] of plugin [operations-center-analytics-config] to version [2.222.0.1] completed
2020-08-26 14:54:06.181+0000 [id=27]	INFO	c.c.j.c.i.CJPPluginManager$URLInstaller#install: Requested [INSTALL] of plugin [operations-center-analytics-reporter] to version [2.222.0.1] completed
2020-08-26 14:54:06.182+0000 [id=27]	INFO	c.c.j.c.i.CJPPluginManager$URLInstaller#install: Requested [INSTALL] of plugin [operations-center-cloud] to version [2.235.0.2] completed
2020-08-26 14:54:06.183+0000 [id=27]	INFO	c.c.j.c.i.CJPPluginManager$URLInstaller#install: Requested [INSTALL] of plugin [pipeline-github-lib] to version [1.0] completed
2020-08-26 14:54:06.184+0000 [id=27]	INFO	c.c.j.c.i.CJPPluginManager$URLInstaller#install: Requested [INSTALL] of plugin [pipeline-model-declarative-agent] to version [1.1.1] completed
2020-08-26 14:54:06.268+0000 [id=27]	INFO	c.c.j.c.i.CJPPluginManager$URLInstaller#install: Requested [INSTALL] of plugin [saml] to version [1.1.6] completed
2020-08-26 14:54:06.277+0000 [id=27]	INFO	c.c.j.c.i.CJPPluginManager$URLInstaller#install: Requested [INSTALL] of plugin [ssh-agent] to version [1.20] completed
2020-08-26 14:54:06.280+0000 [id=27]	INFO	c.c.j.c.i.CJPPluginManager$URLInstaller#install: Requested [INSTALL] of plugin [timestamper] to version [1.11.3] completed
2020-08-26 14:54:06.290+0000 [id=27]	INFO	c.c.j.c.i.CJPPluginManager$URLInstaller#install: Requested [INSTALL] of plugin [wikitext] to version [3.13] completed
2020-08-26 14:54:06.292+0000 [id=27]	INFO	c.c.j.c.i.CJPPluginManager$URLInstaller#install: Requested [INSTALL] of plugin [windows-slaves] to version [1.6] completed
2020-08-26 14:54:06.293+0000 [id=27]	INFO	c.c.j.c.i.CJPPluginManager$URLInstaller#install: Requested [INSTALL] of plugin [workflow-aggregator] to version [2.5] completed
2020-08-26 14:54:06.295+0000 [id=27]	INFO	c.c.j.c.i.CJPPluginManager$URLInstaller#install: Requested [INSTALL] of plugin [build-timestamp] to version [1.0.3] completed
2020-08-26 14:54:06.297+0000 [id=27]	INFO	c.c.j.c.i.CJPPluginManager$URLInstaller#install: Requested [INSTALL] of plugin [uno-choice] to version [2.4] completed
2020-08-26 14:54:06.298+0000 [id=27]	INFO	c.c.j.c.i.CJPPluginManager$URLInstaller#install: Requested [INSTALL] of plugin [scriptler] to version [3.1] completed
2020-08-26 14:54:06.316+0000 [id=27]	INFO	c.c.j.c.i.CJPPluginManager$URLInstaller#install: Requested [INSTALL] of plugin [sonar] to version [2.11] completed
2020-08-26 14:54:06.317+0000 [id=27]	INFO	c.c.j.c.i.CJPPluginManager$URLInstaller#install: Requested [INSTALL] of plugin [splunk-devops-extend] to version [1.9.3] completed
2020-08-26 14:54:06.322+0000 [id=27]	INFO	c.c.j.c.i.CJPPluginManager$URLInstaller#install: Requested [INSTALL] of plugin [splunk-devops] to version [1.9.3] completed
2020-08-26 14:54:06.323+0000 [id=27]	INFO	c.c.j.c.i.CJPPluginManager$URLInstaller#install: Requested [INSTALL] of plugin [resource-disposer] to version [0.14] completed
2020-08-26 14:54:06.325+0000 [id=27]	INFO	c.c.j.c.i.CJPPluginManager$URLInstaller#install: Requested [INSTALL] of plugin [ansicolor] to version [0.7.1] completed
2020-08-26 14:54:06.326+0000 [id=27]	INFO	c.c.j.c.i.CJPPluginManager$URLInstaller#install: Requested [INSTALL] of plugin [github-organization-folder] to version [1.6] completed
2020-08-26 14:54:06.327+0000 [id=27]	INFO	c.c.j.c.i.CJPPluginManager$URLInstaller#install: Requested [INSTALL] of plugin [build-user-vars-plugin] to version [1.5] completed
2020-08-26 14:54:06.328+0000 [id=27]	INFO	c.c.j.c.i.CJPPluginManager$URLInstaller#install: Requested [INSTALL] of plugin [badge] to version [1.8] completed
2020-08-26 14:54:06.329+0000 [id=27]	INFO	c.c.j.c.i.CJPPluginManager$URLInstaller#install: Requested [INSTALL] of plugin [throttle-concurrents] to version [2.0.2] completed
2020-08-26 14:54:06.331+0000 [id=27]	INFO	c.c.j.c.i.CJPPluginManager$URLInstaller#install: Requested [INSTALL] of plugin [sectioned-view] to version [1.25] completed
2020-08-26 14:54:06.332+0000 [id=27]	INFO	c.c.j.c.i.CJPPluginManager$URLInstaller#install: Requested [INSTALL] of plugin [hidden-parameter] to version [0.0.4] completed
2020-08-26 14:54:06.333+0000 [id=27]	INFO	c.c.j.c.i.CJPPluginManager$URLInstaller#install: Requested [INSTALL] of plugin [description-setter] to version [1.10] completed
2020-08-26 14:54:06.363+0000 [id=27]	INFO	c.c.j.c.i.CJPPluginManager$URLInstaller#install: Requested [INSTALL] of plugin [ws-cleanup] to version [0.38] completed
2020-08-26 14:54:06.369+0000 [id=27]	INFO	c.c.j.c.i.CJPPluginManager$URLInstaller#install: Requested [INSTALL] of plugin [pipeline-maven] to version [3.8.2] completed
2020-08-26 14:54:06.371+0000 [id=27]	INFO	c.c.j.c.i.CJPPluginManager$URLInstaller#install: Requested [INSTALL] of plugin [template-project] to version [1.5.2] completed
2020-08-26 14:54:06.374+0000 [id=27]	INFO	c.c.j.c.i.CJPPluginManager$URLInstaller#install: Requested [INSTALL] of plugin [slack] to version [2.40] completed
2020-08-26 14:54:06.381+0000 [id=27]	INFO	c.c.j.c.i.CJPPluginManager$URLInstaller#install: Requested [INSTALL] of plugin [h2-api] to version [1.4.199] completed
2020-08-26 14:54:06.389+0000 [id=27]	INFO	c.c.j.c.i.CJPPluginManager$URLInstaller#install: Requested [INSTALL] of plugin [pipeline-utility-steps] to version [2.6.0] completed
2020-08-26 14:54:06.390+0000 [id=27]	INFO	c.c.j.c.i.CJPPluginManager$URLInstaller#install: Requested [INSTALL] of plugin [groovy-postbuild] to version [2.5] completed
2020-08-26 14:54:21.389+0000 [id=26]	INFO	jenkins.InitReactorRunner$1#onAttained: Listed all plugins
2020-08-26 14:54:23.297+0000 [id=26]	INFO	o.j.p.s.ScriptlerPluginImpl#synchronizeConfig: initialize Scriptler
2020-08-26 14:54:52.761+0000 [id=27]	INFO	jenkins.InitReactorRunner$1#onAttained: Prepared all plugins
2020-08-26 14:54:57.772+0000 [id=26]	WARNING	h.ExtensionFinder$GuiceFinder$FaultTolerantScope$1#error: Failed to instantiate Key[type=hudson.plugins.templateproject.ProxySCM$DescriptorImpl, annotation=[none]]; skipping this component
java.lang.ClassNotFoundException: org.jenkinsci.plugins.multiplescms.MultiSCMRevisionState
	at jenkins.util.AntClassLoader.findClassInComponents(AntClassLoader.java:1387)
	at jenkins.util.AntClassLoader.findClass(AntClassLoader.java:1342)
	at jenkins.util.AntClassLoader.loadClass(AntClassLoader.java:1089)
	at java.lang.ClassLoader.loadClass(ClassLoader.java:351)
Caused: java.lang.NoClassDefFoundError: org/jenkinsci/plugins/multiplescms/MultiSCMRevisionState
	at java.lang.Class.getDeclaredMethods0(Native Method)
	at java.lang.Class.privateGetDeclaredMethods(Class.java:2701)
	at java.lang.Class.privateGetMethodRecursive(Class.java:3048)
	at java.lang.Class.getMethod0(Class.java:3018)
	at java.lang.Class.getMethod(Class.java:1784)
	at hudson.model.Descriptor.<init>(Descriptor.java:295)
	at hudson.scm.SCMDescriptor.<init>(SCMDescriptor.java:71)
	at hudson.plugins.templateproject.ProxySCM$DescriptorImpl.<init>(ProxySCM.java:113)
	at hudson.plugins.templateproject.ProxySCM$DescriptorImpl$$FastClassByGuice$$4e632614.newInstance(<generated>)
	at com.google.inject.internal.cglib.reflect.$FastConstructor.newInstance(FastConstructor.java:40)
	at com.google.inject.internal.DefaultConstructionProxyFactory$1.newInstance(DefaultConstructionProxyFactory.java:61)
	at com.google.inject.internal.ConstructorInjector.provision(ConstructorInjector.java:105)
	at com.google.inject.internal.ConstructorInjector.access$000(ConstructorInjector.java:32)
	at com.google.inject.internal.ConstructorInjector$1.call(ConstructorInjector.java:89)
	at com.google.inject.internal.ProvisionListenerStackCallback$Provision.provision(ProvisionListenerStackCallback.java:115)
	at hudson.ExtensionFinder$GuiceFinder$SezpozModule.onProvision(ExtensionFinder.java:572)
	at com.google.inject.internal.ProvisionListenerStackCallback$Provision.provision(ProvisionListenerStackCallback.java:126)
	at com.google.inject.internal.ProvisionListenerStackCallback.provision(ProvisionListenerStackCallback.java:68)
	at com.google.inject.internal.ConstructorInjector.construct(ConstructorInjector.java:87)
	at com.google.inject.internal.ConstructorBindingImpl$Factory.get(ConstructorBindingImpl.java:267)
	at com.google.inject.internal.ProviderToInternalFactoryAdapter$1.call(ProviderToInternalFactoryAdapter.java:46)
	at com.google.inject.internal.InjectorImpl.callInContext(InjectorImpl.java:1103)
	at com.google.inject.internal.ProviderToInternalFactoryAdapter.get(ProviderToInternalFactoryAdapter.java:40)
Caused: com.google.inject.ProvisionException: Unable to provision, see the following errors:

1) Error injecting constructor, java.lang.NoClassDefFoundError: org/jenkinsci/plugins/multiplescms/MultiSCMRevisionState
  at hudson.plugins.templateproject.ProxySCM$DescriptorImpl.<init>(ProxySCM.java:113)

1 error
	at com.google.inject.internal.ProviderToInternalFactoryAdapter.get(ProviderToInternalFactoryAdapter.java:52)
	at com.google.inject.internal.SingletonScope$1.get(SingletonScope.java:145)
	at hudson.ExtensionFinder$GuiceFinder$FaultTolerantScope$1.get(ExtensionFinder.java:440)
	at com.google.inject.internal.InternalFactoryToProviderAdapter.get(InternalFactoryToProviderAdapter.java:41)
	at com.google.inject.internal.InjectorImpl$2$1.call(InjectorImpl.java:1016)
	at com.google.inject.internal.InjectorImpl.callInContext(InjectorImpl.java:1103)
	at com.google.inject.internal.InjectorImpl$2.get(InjectorImpl.java:1012)
	at hudson.ExtensionFinder$GuiceFinder._find(ExtensionFinder.java:402)
	at hudson.ExtensionFinder$GuiceFinder.find(ExtensionFinder.java:393)
	at hudson.ClassicPluginStrategy.findComponents(ClassicPluginStrategy.java:346)
	at hudson.ExtensionList.load(ExtensionList.java:381)
	at hudson.ExtensionList.ensureLoaded(ExtensionList.java:317)
	at hudson.ExtensionList.iterator(ExtensionList.java:172)
	at jenkins.model.Jenkins.getDescriptorByType(Jenkins.java:1608)
	at com.cloudbees.jenkins.support.impl.AbstractItemDirectoryComponent.getDescriptor(AbstractItemDirectoryComponent.java:96)
	at com.cloudbees.jenkins.support.impl.AbstractItemDirectoryComponent.getDescriptor(AbstractItemDirectoryComponent.java:30)
	at com.cloudbees.jenkins.support.impl.DirectoryComponent.<init>(DirectoryComponent.java:42)
	at com.cloudbees.jenkins.support.impl.AbstractItemDirectoryComponent.<init>(AbstractItemDirectoryComponent.java:34)
	at com.cloudbees.jenkins.support.impl.AbstractItemDirectoryComponent$$FastClassByGuice$$57694467.newInstance(<generated>)
	at com.google.inject.internal.cglib.reflect.$FastConstructor.newInstance(FastConstructor.java:40)
	at com.google.inject.internal.DefaultConstructionProxyFactory$1.newInstance(DefaultConstructionProxyFactory.java:61)
	at com.google.inject.internal.ConstructorInjector.provision(ConstructorInjector.java:105)
	at com.google.inject.internal.ConstructorInjector.access$000(ConstructorInjector.java:32)
	at com.google.inject.internal.ConstructorInjector$1.call(ConstructorInjector.java:89)
	at com.google.inject.internal.ProvisionListenerStackCallback$Provision.provision(ProvisionListenerStackCallback.java:115)
	at hudson.ExtensionFinder$GuiceFinder$SezpozModule.onProvision(ExtensionFinder.java:572)
	at com.google.inject.internal.ProvisionListenerStackCallback$Provision.provision(ProvisionListenerStackCallback.java:126)
	at com.google.inject.internal.ProvisionListenerStackCallback.provision(ProvisionListenerStackCallback.java:68)
	at com.google.inject.internal.ConstructorInjector.construct(ConstructorInjector.java:87)
	at com.google.inject.internal.ConstructorBindingImpl$Factory.get(ConstructorBindingImpl.java:267)
	at com.google.inject.internal.ProviderToInternalFactoryAdapter$1.call(ProviderToInternalFactoryAdapter.java:46)
	at com.google.inject.internal.InjectorImpl.callInContext(InjectorImpl.java:1103)
	at com.google.inject.internal.ProviderToInternalFactoryAdapter.get(ProviderToInternalFactoryAdapter.java:40)
	at com.google.inject.internal.SingletonScope$1.get(SingletonScope.java:145)
	at hudson.ExtensionFinder$GuiceFinder$FaultTolerantScope$1.get(ExtensionFinder.java:440)
	at com.google.inject.internal.InternalFactoryToProviderAdapter.get(InternalFactoryToProviderAdapter.java:41)
	at com.google.inject.internal.InjectorImpl$2$1.call(InjectorImpl.java:1016)
	at com.google.inject.internal.InjectorImpl.callInContext(InjectorImpl.java:1092)
	at com.google.inject.internal.InjectorImpl$2.get(InjectorImpl.java:1012)
	at hudson.ExtensionFinder$GuiceFinder._find(ExtensionFinder.java:402)
	at hudson.ExtensionFinder$GuiceFinder.find(ExtensionFinder.java:393)
	at hudson.ClassicPluginStrategy.findComponents(ClassicPluginStrategy.java:346)
	at hudson.ExtensionList.load(ExtensionList.java:381)
	at hudson.ExtensionList.ensureLoaded(ExtensionList.java:317)
	at hudson.ExtensionList.iterator(ExtensionList.java:172)
	at java.util.Spliterators$IteratorSpliterator.estimateSize(Spliterators.java:1821)
	at java.util.Spliterator.getExactSizeIfKnown(Spliterator.java:408)
	at java.util.stream.AbstractPipeline.copyInto(AbstractPipeline.java:481)
	at java.util.stream.AbstractPipeline.wrapAndCopyInto(AbstractPipeline.java:472)
	at java.util.stream.ReduceOps$ReduceOp.evaluateSequential(ReduceOps.java:708)
	at java.util.stream.AbstractPipeline.evaluate(AbstractPipeline.java:234)
	at java.util.stream.ReferencePipeline.collect(ReferencePipeline.java:566)
	at com.cloudbees.jenkins.support.SupportPlugin.getComponents(SupportPlugin.java:283)
	at com.cloudbees.jenkins.support.SupportPlugin.postInitialize(SupportPlugin.java:624)
	at hudson.PluginManager$2$1$2.run(PluginManager.java:574)
	at org.jvnet.hudson.reactor.TaskGraphBuilder$TaskImpl.run(TaskGraphBuilder.java:169)
	at org.jvnet.hudson.reactor.Reactor.runTask(Reactor.java:296)
	at jenkins.model.Jenkins$5.runTask(Jenkins.java:1131)
	at org.jvnet.hudson.reactor.Reactor$2.run(Reactor.java:214)
	at org.jvnet.hudson.reactor.Reactor$Node.run(Reactor.java:117)
	at jenkins.security.ImpersonatingExecutorService$1.run(ImpersonatingExecutorService.java:59)
	at java.util.concurrent.ThreadPoolExecutor.runWorker(ThreadPoolExecutor.java:1149)
	at java.util.concurrent.ThreadPoolExecutor$Worker.run(ThreadPoolExecutor.java:624)
	at java.lang.Thread.run(Thread.java:748)
2020-08-26 14:54:58.883+0000 [id=27]	INFO	jenkins.InitReactorRunner$1#onAttained: Started all plugins
2020-08-26 14:54:59.065+0000 [id=27]	INFO	jenkins.InitReactorRunner$1#onAttained: Augmented all extensions
2020-08-26 14:55:02.968+0000 [id=27]	INFO	c.c.o.c.c.ConfigurationSnippetRefresher#<init>: ConfigurationSnippetRefresher configured with recurrence period of 60,000ms
2020-08-26 14:55:04.271+0000 [id=26]	INFO	jenkins.InitReactorRunner$1#onAttained: System config loaded
2020-08-26 14:55:08.788+0000 [id=26]	WARNING	jenkins.model.Jenkins#setSlaveAgentPort: setSlaveAgentPort(50000) call ignored because system property jenkins.model.Jenkins.slaveAgentPortEnforce is true
2020-08-26 14:55:09.783+0000 [id=26]	INFO	o.s.c.s.AbstractApplicationContext#prepareRefresh: Refreshing org.springframework.web.context.support.StaticWebApplicationContext@7702e702: display name [Root WebApplicationContext]; startup date [Wed Aug 26 14:55:09 UTC 2020]; root of context hierarchy
2020-08-26 14:55:09.784+0000 [id=26]	INFO	o.s.c.s.AbstractApplicationContext#obtainFreshBeanFactory: Bean factory for application context [org.springframework.web.context.support.StaticWebApplicationContext@7702e702]: org.springframework.beans.factory.support.DefaultListableBeanFactory@625e052e
2020-08-26 14:55:09.800+0000 [id=26]	INFO	o.s.b.f.s.DefaultListableBeanFactory#preInstantiateSingletons: Pre-instantiating singletons in org.springframework.beans.factory.support.DefaultListableBeanFactory@625e052e: defining beans [filter,legacy]; root of factory hierarchy
2020-08-26 14:55:11.155+0000 [id=26]	INFO	jenkins.InitReactorRunner$1#onAttained: System config adapted
2020-08-26 14:55:11.155+0000 [id=26]	INFO	jenkins.InitReactorRunner$1#onAttained: Loaded all jobs
2020-08-26 14:55:11.164+0000 [id=27]	INFO	c.c.o.c.p.OperationsCenterRootAction$DescriptorImpl#initiate: Loading from system properties
2020-08-26 14:55:11.165+0000 [id=27]	INFO	c.c.o.c.p.OperationsCenterRootAction$DescriptorImpl#loadFromSystemProperties: Setting the external URL of the master: http://cjoc.cje-support-general.svc.cluster.local/carlosrodlop-mm-4/
2020-08-26 14:55:11.183+0000 [id=27]	INFO	c.c.o.c.p.OperationsCenterRootAction$DescriptorImpl#loadFromSystemProperties: Setting the resource URL of the master: https://resources.core.gcp.support.beescloud.com/carlosrodlop-mm-4/
2020-08-26 14:55:11.270+0000 [id=26]	INFO	c.c.o.context.Messaging$Local#openStore: Starting Messaging
2020-08-26 14:55:11.554+0000 [id=27]	INFO	c.c.o.c.p.OperationsCenterRootAction$DescriptorImpl#setEnabledState: Enabled
2020-08-26 14:55:11.565+0000 [id=27]	INFO	c.c.o.client.cloud.PluginImpl#addCloud: Added operations center cloud
2020-08-26 14:55:11.658+0000 [id=27]	INFO	c.c.o.c.p.RemoteContextNotifier#notifyRegistered: Registered with context.
2020-08-26 14:55:11.677+0000 [id=27]	WARNING	o.j.r.u.AnonymousClassWarnings#warn: Attempt to (de-)serialize synthetic class hudson.plugins.sonar.SonarGlobalConfiguration$$Lambda$232/1990475757 in file:/tmp/jenkins/plugins/sonar/WEB-INF/lib/sonar.jar; see: https://jenkins.io/redirect/serialization-of-anonymous-classes/
2020-08-26 14:55:11.958+0000 [id=27]	INFO	c.c.j.p.a.CloudBeesAssurance#checkInstalledExtension: Checking the validity of the Plugin Catalog
2020-08-26 14:55:11.974+0000 [id=27]	INFO	c.c.j.p.a.r.e.ParsedEnvelopeExtension$Loader#fromJSON: Parsing Plugin Catalog
2020-08-26 14:55:11.979+0000 [id=27]	INFO	c.c.j.p.a.r.e.Configuration#lambda$fromJSON$1: Ignoring 'excludePlugins' and 'upstream' sections...
2020-08-26 14:55:11.982+0000 [id=27]	INFO	c.c.j.p.a.r.e.ParsedEnvelopeExtension$Provided#expand: Expanding Plugin Catalog to retrieve all the plugins information
2020-08-26 14:55:11.982+0000 [id=27]	INFO	c.c.j.p.a.r.e.Configuration$Provided#lambda$expand$7: Expanding configuration to retrieve all the plugins information
2020-08-26 14:55:12.053+0000 [id=68]	INFO	c.c.j.p.a.r.e.PluginConfiguration$Tier3#lambda$expandWithValidation$2: Expanding plugin configuration (build-timestamp)
2020-08-26 14:55:12.055+0000 [id=69]	INFO	c.c.j.p.a.r.e.PluginConfiguration$Tier3#lambda$expandWithValidation$2: Expanding plugin configuration (aws-secrets-manager-credentials-provider)
2020-08-26 14:55:12.059+0000 [id=69]	INFO	c.c.j.p.a.r.e.PluginConfiguration$Tier3#lambda$expandWithValidation$2: Expanding plugin configuration (uno-choice)
2020-08-26 14:55:12.063+0000 [id=68]	INFO	c.c.j.p.a.r.e.PluginConfiguration$Tier3#lambda$expandWithValidation$2: Expanding plugin configuration (scriptler)
2020-08-26 14:55:12.063+0000 [id=69]	INFO	c.c.j.p.a.r.e.PluginConfiguration$Tier3#lambda$expandWithValidation$2: Expanding plugin configuration (sonar)
2020-08-26 14:55:12.069+0000 [id=68]	INFO	c.c.j.p.a.r.e.PluginConfiguration$Tier3#lambda$expandWithValidation$2: Expanding plugin configuration (splunk-devops-extend)
2020-08-26 14:55:12.071+0000 [id=68]	INFO	c.c.j.p.a.r.e.PluginConfiguration$Tier3#lambda$expandWithValidation$2: Expanding plugin configuration (splunk-devops)
2020-08-26 14:55:12.266+0000 [id=68]	INFO	c.c.j.p.a.r.e.PluginConfiguration$Tier3#lambda$expandWithValidation$2: Expanding plugin configuration (resource-disposer)
2020-08-26 14:55:12.272+0000 [id=68]	INFO	c.c.j.p.a.r.e.PluginConfiguration$Tier3#lambda$expandWithValidation$2: Expanding plugin configuration (ansicolor)
2020-08-26 14:55:12.274+0000 [id=68]	INFO	c.c.j.p.a.r.e.PluginConfiguration$Tier3#lambda$expandWithValidation$2: Expanding plugin configuration (github-organization-folder)
2020-08-26 14:55:12.276+0000 [id=68]	INFO	c.c.j.p.a.r.e.PluginConfiguration$Tier3#lambda$expandWithValidation$2: Expanding plugin configuration (build-user-vars-plugin)
2020-08-26 14:55:12.361+0000 [id=68]	INFO	c.c.j.p.a.r.e.PluginConfiguration$Tier3#lambda$expandWithValidation$2: Expanding plugin configuration (badge)
2020-08-26 14:55:12.368+0000 [id=68]	INFO	c.c.j.p.a.r.e.PluginConfiguration$Tier3#lambda$expandWithValidation$2: Expanding plugin configuration (throttle-concurrents)
2020-08-26 14:55:12.371+0000 [id=68]	INFO	c.c.j.p.a.r.e.PluginConfiguration$Tier3#lambda$expandWithValidation$2: Expanding plugin configuration (sectioned-view)
2020-08-26 14:55:12.377+0000 [id=68]	INFO	c.c.j.p.a.r.e.PluginConfiguration$Tier3#lambda$expandWithValidation$2: Expanding plugin configuration (hidden-parameter)
2020-08-26 14:55:12.451+0000 [id=68]	INFO	c.c.j.p.a.r.e.PluginConfiguration$Tier3#lambda$expandWithValidation$2: Expanding plugin configuration (description-setter)
2020-08-26 14:55:12.453+0000 [id=68]	INFO	c.c.j.p.a.r.e.PluginConfiguration$Tier3#lambda$expandWithValidation$2: Expanding plugin configuration (ws-cleanup)
2020-08-26 14:55:12.465+0000 [id=70]	INFO	c.c.o.c.p.OperationsCenterRootAction$DescriptorImpl#setApprovedState: Approved
2020-08-26 14:55:12.679+0000 [id=69]	INFO	c.c.j.p.a.r.e.PluginConfiguration$Tier3#lambda$expandWithValidation$2: Expanding plugin configuration (pipeline-maven)
2020-08-26 14:55:12.682+0000 [id=70]	INFO	c.c.o.c.p.OperationsCenterRootAction$DescriptorImpl#setConnectedState: Connected
2020-08-26 14:55:12.852+0000 [id=69]	INFO	c.c.j.p.a.r.e.PluginConfiguration$Tier3#lambda$expandWithValidation$2: Expanding plugin configuration (template-project)
2020-08-26 14:55:12.866+0000 [id=69]	INFO	c.c.j.p.a.r.e.PluginConfiguration$Tier3#lambda$expandWithValidation$2: Expanding plugin configuration (slack)
2020-08-26 14:55:12.880+0000 [id=68]	INFO	c.c.j.p.a.r.e.PluginConfiguration$Tier3#lambda$expandWithValidation$2: Expanding plugin configuration (saml)
2020-08-26 14:55:12.951+0000 [id=69]	INFO	c.c.j.p.a.r.e.PluginConfiguration$Tier3#lambda$expandWithValidation$2: Expanding plugin configuration (h2-api)
2020-08-26 14:55:13.066+0000 [id=69]	INFO	c.c.j.p.a.r.e.PluginConfiguration$Tier3#lambda$expandWithValidation$2: Expanding plugin configuration (pipeline-utility-steps)
2020-08-26 14:55:13.266+0000 [id=69]	INFO	c.c.j.p.a.r.e.PluginConfiguration$Tier3#lambda$expandWithValidation$2: Expanding plugin configuration (groovy-postbuild)
2020-08-26 14:55:14.351+0000 [id=27]	INFO	c.c.j.p.a.CloudBeesAssurance#validateExtension: Validating the Plugin Catalog
2020-08-26 14:55:14.352+0000 [id=27]	INFO	c.c.j.p.a.CloudBeesAssurance#loadAndExpandExtension: Loading and expanding the Plugin Catalog to retrieve all the information
2020-08-26 14:55:14.975+0000 [id=27]	INFO	c.c.j.p.a.r.e.ParsedEnvelopeExtension$Loader#fromJSON: Parsing Plugin Catalog
2020-08-26 14:55:14.976+0000 [id=27]	INFO	c.c.j.p.a.r.e.Configuration#lambda$fromJSON$1: Ignoring 'excludePlugins' and 'upstream' sections...
2020-08-26 14:55:14.977+0000 [id=27]	INFO	c.c.j.p.a.r.e.ParsedEnvelopeExtension$Provided#expand: Expanding Plugin Catalog to retrieve all the plugins information
2020-08-26 14:55:14.977+0000 [id=27]	INFO	c.c.j.p.a.r.e.Configuration$Provided#lambda$expand$7: Expanding configuration to retrieve all the plugins information
2020-08-26 14:55:14.978+0000 [id=85]	INFO	c.c.j.p.a.r.e.PluginConfiguration$Tier3#lambda$expandWithValidation$2: Expanding plugin configuration (build-timestamp)
2020-08-26 14:55:14.974+0000 [id=26]	INFO	o.j.p.u.i.IdStoreMigratorV1ToV2#migrateIdStore: Starting migration of IDs
2020-08-26 14:55:15.051+0000 [id=26]	INFO	o.j.p.u.i.IdStoreMigratorV1ToV2#performMigration: migration of unique IDs for Jobs and Folders complete - will continue to process Runs in the background.
2020-08-26 14:55:15.054+0000 [id=26]	INFO	jenkins.InitReactorRunner$1#onAttained: Configuration for all jobs updated
2020-08-26 14:55:15.069+0000 [id=85]	INFO	c.c.j.p.a.r.e.PluginConfiguration$Tier3#lambda$expandWithValidation$2: Expanding plugin configuration (uno-choice)
2020-08-26 14:55:15.071+0000 [id=86]	INFO	c.c.j.p.a.r.e.PluginConfiguration$Tier3#lambda$expandWithValidation$2: Expanding plugin configuration (aws-secrets-manager-credentials-provider)
2020-08-26 14:55:15.073+0000 [id=87]	INFO	o.j.p.u.i.IdStoreMigratorV1ToV2$RunIDMigrationThread#run: Finished unique-id migration of builds in 0 minutes 0 seconds.  Processed 0 runs from 0 jobs.
2020-08-26 14:55:15.080+0000 [id=85]	INFO	c.c.j.p.a.r.e.PluginConfiguration$Tier3#lambda$expandWithValidation$2: Expanding plugin configuration (scriptler)
2020-08-26 14:55:15.082+0000 [id=86]	INFO	c.c.j.p.a.r.e.PluginConfiguration$Tier3#lambda$expandWithValidation$2: Expanding plugin configuration (sonar)
2020-08-26 14:55:15.152+0000 [id=85]	INFO	c.c.j.p.a.r.e.PluginConfiguration$Tier3#lambda$expandWithValidation$2: Expanding plugin configuration (splunk-devops-extend)
2020-08-26 14:55:15.154+0000 [id=85]	INFO	c.c.j.p.a.r.e.PluginConfiguration$Tier3#lambda$expandWithValidation$2: Expanding plugin configuration (splunk-devops)
2020-08-26 14:55:15.263+0000 [id=85]	INFO	c.c.j.p.a.r.e.PluginConfiguration$Tier3#lambda$expandWithValidation$2: Expanding plugin configuration (resource-disposer)
2020-08-26 14:55:15.266+0000 [id=85]	INFO	c.c.j.p.a.r.e.PluginConfiguration$Tier3#lambda$expandWithValidation$2: Expanding plugin configuration (ansicolor)
2020-08-26 14:55:15.268+0000 [id=85]	INFO	c.c.j.p.a.r.e.PluginConfiguration$Tier3#lambda$expandWithValidation$2: Expanding plugin configuration (github-organization-folder)
2020-08-26 14:55:15.270+0000 [id=85]	INFO	c.c.j.p.a.r.e.PluginConfiguration$Tier3#lambda$expandWithValidation$2: Expanding plugin configuration (build-user-vars-plugin)
2020-08-26 14:55:15.275+0000 [id=85]	INFO	c.c.j.p.a.r.e.PluginConfiguration$Tier3#lambda$expandWithValidation$2: Expanding plugin configuration (badge)
2020-08-26 14:55:15.352+0000 [id=85]	INFO	c.c.j.p.a.r.e.PluginConfiguration$Tier3#lambda$expandWithValidation$2: Expanding plugin configuration (throttle-concurrents)
2020-08-26 14:55:15.354+0000 [id=85]	INFO	c.c.j.p.a.r.e.PluginConfiguration$Tier3#lambda$expandWithValidation$2: Expanding plugin configuration (sectioned-view)
2020-08-26 14:55:15.356+0000 [id=85]	INFO	c.c.j.p.a.r.e.PluginConfiguration$Tier3#lambda$expandWithValidation$2: Expanding plugin configuration (hidden-parameter)
2020-08-26 14:55:15.358+0000 [id=85]	INFO	c.c.j.p.a.r.e.PluginConfiguration$Tier3#lambda$expandWithValidation$2: Expanding plugin configuration (description-setter)
2020-08-26 14:55:15.359+0000 [id=85]	INFO	c.c.j.p.a.r.e.PluginConfiguration$Tier3#lambda$expandWithValidation$2: Expanding plugin configuration (ws-cleanup)
2020-08-26 14:55:15.951+0000 [id=85]	INFO	c.c.j.p.a.r.e.PluginConfiguration$Tier3#lambda$expandWithValidation$2: Expanding plugin configuration (pipeline-maven)
2020-08-26 14:55:15.962+0000 [id=86]	INFO	c.c.j.p.a.r.e.PluginConfiguration$Tier3#lambda$expandWithValidation$2: Expanding plugin configuration (template-project)
2020-08-26 14:55:15.974+0000 [id=86]	INFO	c.c.j.p.a.r.e.PluginConfiguration$Tier3#lambda$expandWithValidation$2: Expanding plugin configuration (slack)
2020-08-26 14:55:16.056+0000 [id=85]	INFO	c.c.j.p.a.r.e.PluginConfiguration$Tier3#lambda$expandWithValidation$2: Expanding plugin configuration (saml)
2020-08-26 14:55:16.063+0000 [id=86]	INFO	c.c.j.p.a.r.e.PluginConfiguration$Tier3#lambda$expandWithValidation$2: Expanding plugin configuration (h2-api)
2020-08-26 14:55:16.175+0000 [id=86]	INFO	c.c.j.p.a.r.e.PluginConfiguration$Tier3#lambda$expandWithValidation$2: Expanding plugin configuration (pipeline-utility-steps)
2020-08-26 14:55:16.254+0000 [id=26]	INFO	o.s.c.s.AbstractApplicationContext#prepareRefresh: Refreshing org.springframework.web.context.support.StaticWebApplicationContext@703888d2: display name [Root WebApplicationContext]; startup date [Wed Aug 26 14:55:16 UTC 2020]; root of context hierarchy
2020-08-26 14:55:16.254+0000 [id=26]	INFO	o.s.c.s.AbstractApplicationContext#obtainFreshBeanFactory: Bean factory for application context [org.springframework.web.context.support.StaticWebApplicationContext@703888d2]: org.springframework.beans.factory.support.DefaultListableBeanFactory@45dd707f
2020-08-26 14:55:16.260+0000 [id=26]	INFO	o.s.b.f.s.DefaultListableBeanFactory#preInstantiateSingletons: Pre-instantiating singletons in org.springframework.beans.factory.support.DefaultListableBeanFactory@45dd707f: defining beans [filter,legacy]; root of factory hierarchy
2020-08-26 14:55:16.358+0000 [id=86]	INFO	c.c.j.p.a.r.e.PluginConfiguration$Tier3#lambda$expandWithValidation$2: Expanding plugin configuration (groovy-postbuild)
2020-08-26 14:55:17.181+0000 [id=27]	INFO	c.c.j.p.a.CloudBeesAssurance#setInstalledExtension: Plugin Catalog "0-hyperloop" set as active
2020-08-26 14:55:17.358+0000 [id=93]	INFO	c.c.j.p.a.m.UpdateSiteDataProvider$Value#get: Beekeeper is parsing UpdateSite core-mm-offline
2020-08-26 14:55:17.362+0000 [id=93]	INFO	c.c.j.p.a.m.UpdateSiteDataProvider$Value#get: Beekeeper is parsing UpdateSite cap-core-mm
2020-08-26 14:55:17.682+0000 [id=79]	INFO	hudson.license.LicenseListener#fireAfterUpdate: firing the license update notification
2020-08-26 14:55:18.165+0000 [id=79]	INFO	j.util.groovy.GroovyHookScript#execute: Executing /var/jenkins_home/license-activated-or-renewed-after-expiration.groovy.d/init_01_launch_configure_jenkins.groovy
2020-08-26 14:55:18.254+0000 [id=99]	INFO	hudson.model.AsyncPeriodicWork#lambda$doRun$0: Started Download metadata
2020-08-26 14:55:18.262+0000 [id=26]	INFO	j.util.groovy.GroovyHookScript#execute: Executing /var/jenkins_home/init.groovy.d/init_01_launch_configure_jenkins.groovy
2020-08-26 14:55:18.353+0000 [id=99]	INFO	hudson.util.Retrier#start: Attempt #1 to do the action check updates server
2020-08-26 14:55:21.153+0000 [id=105]	INFO	c.c.j.p.l.n.CloudBeesUpdateSite#updateData: Obtained the latest update center data file for UpdateSource bk-internal-offline
2020-08-26 14:55:26.194+0000 [id=93]	INFO	c.c.j.p.a.m.UpdateSiteDataProvider$Value#get: Beekeeper is parsing UpdateSite virtual-cap-core-mm
2020-08-26 14:55:26.567+0000 [id=79]	INFO	java_util_logging_Logger$info$0#call: License is valid, invoke configuration
2020-08-26 14:55:27.471+0000 [id=79]	INFO	j.util.groovy.GroovyHookScript#execute: Executing /var/jenkins_home/configure-jenkins.groovy.d/01-master-executors.groovy
2020-08-26 14:55:27.554+0000 [id=26]	INFO	java_util_logging_Logger$info$0#call: License is valid, invoke configuration
2020-08-26 14:55:27.857+0000 [id=26]	INFO	j.util.groovy.GroovyHookScript#execute: Executing /var/jenkins_home/configure-jenkins.groovy.d/01-master-executors.groovy
--> disabling master executors
--> disabling master executors
2020-08-26 14:55:28.675+0000 [id=79]	INFO	j.util.groovy.GroovyHookScript#execute: Executing /var/jenkins_home/configure-jenkins.groovy.d/02-first-start-create-eval-job.groovy
2020-08-26 14:55:28.768+0000 [id=26]	INFO	j.util.groovy.GroovyHookScript#execute: Executing /var/jenkins_home/configure-jenkins.groovy.d/02-first-start-create-eval-job.groovy
2020-08-26 14:55:29.852+0000 [id=116]	INFO	hudson.model.AsyncAperiodicWork#lambda$doAperiodicRun$0: Started Update IdP Metadata from URL PeriodicWork
2020-08-26 14:55:29.862+0000 [id=116]	INFO	hudson.model.AsyncAperiodicWork#lambda$doAperiodicRun$0: Finished Update IdP Metadata from URL PeriodicWork. 1 ms
2020-08-26 14:55:31.465+0000 [id=66]	INFO	c.c.o.c.p.OperationsCenterRoleMatrixAuthorizationConfig$RemoteContextListenerImpl#onRemoteContextChanged: Switching to RBAC configuration provided by remote context
2020-08-26 14:55:31.475+0000 [id=72]	INFO	c.c.o.c.plugin.SecurityEnforcer#innerEnforce: Updated class hudson.security.AuthorizationStrategy to class nectar.plugins.rbac.strategy.RoleMatrixAuthorizationStrategyImpl
2020-08-26 14:55:31.657+0000 [id=66]	INFO	c.c.o.c.c.CloudConfigurationSnippetHandler#consume: Applied/updated Clouds configuration [Operations Center Agent Provisioning Service, kubernetes]
2020-08-26 14:55:31.765+0000 [id=26]	INFO	j.util.groovy.GroovyHookScript#execute: Executing /var/jenkins_home/configure-jenkins.groovy.d/03-fixed-sshd-port.groovy
2020-08-26 14:55:31.766+0000 [id=79]	INFO	j.util.groovy.GroovyHookScript#execute: Executing /var/jenkins_home/configure-jenkins.groovy.d/03-fixed-sshd-port.groovy
2020-08-26 14:55:32.672+0000 [id=66]	INFO	o.c.j.p.k.KubernetesClientProvider$SaveableListenerImpl#onChange: Invalidating Kubernetes client: kubernetes null
2020-08-26 14:55:33.267+0000 [id=26]	INFO	j.util.groovy.GroovyHookScript#execute: Executing /var/jenkins_home/init.groovy.d/init_02_administrativeMonitor.groovy
2020-08-26 14:55:35.671+0000 [id=26]	SEVERE	c.c.j.s.i.c.TcpSlaveAgentListenerMonitor#disable: TcpSlaveAgentListenerMonitor administrative monitor is deprecated, it will be deleted in a later release. Please adjust your code to NOT reference it anymore.
2020-08-26 14:55:35.963+0000 [id=26]	INFO	o.c.j.p.k.KubernetesClientProvider$SaveableListenerImpl#onChange: Invalidating Kubernetes client: kubernetes null
2020-08-26 14:55:35.963+0000 [id=27]	INFO	jenkins.InitReactorRunner$1#onAttained: Completed initialization
2020-08-26 14:55:36.080+0000 [id=20]	INFO	o.c.j.p.k.KubernetesClientProvider$SaveableListenerImpl#onChange: Invalidating Kubernetes client: kubernetes null
2020-08-26 14:55:36.550+0000 [id=20]	INFO	hudson.WebAppMain$3#run: Jenkins is fully up and running
2020-08-26 14:55:43.150+0000 [id=25]	INFO	c.s.s.LoggingInitStep#registerHandler: plugin splunk-devops version 1.9.3 loaded
2020-08-26 14:55:43.158+0000 [id=25]	INFO	c.s.s.WebPostAccessLogger#init: splunk-filter loaded
2020-08-26 14:56:15.985+0000 [id=105]	INFO	c.c.j.p.l.n.CloudBeesUpdateSite#updateData: Obtained the latest update center data file for UpdateSource cap-core-mm
2020-08-26 14:56:17.863+0000 [id=99]	INFO	h.m.DownloadService$Downloadable#load: Obtained the updated data file for hudson.tasks.Maven.MavenInstaller
2020-08-26 14:56:17.979+0000 [id=99]	INFO	h.m.DownloadService$Downloadable#load: Obtained the updated data file for hudson.plugins.sonar.MsBuildSonarQubeRunnerInstaller
2020-08-26 14:56:18.152+0000 [id=99]	INFO	h.m.DownloadService$Downloadable#load: Obtained the updated data file for hudson.plugins.sonar.SonarRunnerInstaller
2020-08-26 14:56:21.994+0000 [id=99]	INFO	h.m.DownloadService$Downloadable#load: Obtained the updated data file for hudson.tools.JDKInstaller
2020-08-26 14:56:22.255+0000 [id=99]	INFO	h.m.DownloadService$Downloadable#load: Obtained the updated data file for org.jenkinsci.plugins.scriptler.CentralScriptJsonCatalog
2020-08-26 14:56:22.256+0000 [id=99]	INFO	hudson.util.Retrier#start: Performed the action check updates server successfully at the attempt #1
2020-08-26 14:56:22.261+0000 [id=99]	INFO	hudson.model.AsyncPeriodicWork#lambda$doRun$0: Finished Download metadata. 64,005 ms
2020-08-26 14:56:33.088+0000 [id=166]	INFO	hudson.model.AsyncPeriodicWork#lambda$doRun$0: Started EC2 alive slaves monitor
2020-08-26 14:56:33.090+0000 [id=166]	INFO	hudson.model.AsyncPeriodicWork#lambda$doRun$0: Finished EC2 alive slaves monitor. 1 ms
2020-08-26 14:56:35.473+0000 [id=104]	INFO	h.m.DownloadService$Downloadable#load: Obtained the updated data file for hudson.tasks.Maven.MavenInstaller
2020-08-26 14:56:35.584+0000 [id=104]	INFO	h.m.DownloadService$Downloadable#load: Obtained the updated data file for hudson.plugins.sonar.MsBuildSonarQubeRunnerInstaller
2020-08-26 14:56:35.692+0000 [id=104]	INFO	h.m.DownloadService$Downloadable#load: Obtained the updated data file for hudson.plugins.sonar.SonarRunnerInstaller
2020-08-26 14:56:36.982+0000 [id=104]	INFO	h.m.DownloadService$Downloadable#load: Obtained the updated data file for hudson.tools.JDKInstaller
2020-08-26 14:56:37.336+0000 [id=104]	INFO	h.m.DownloadService$Downloadable#load: Obtained the updated data file for org.jenkinsci.plugins.scriptler.CentralScriptJsonCatalog
2020-08-26 14:58:19.659+0000 [id=219]	INFO	o.j.p.p.m.GlobalPipelineMavenConfig#getDao: Connect to database jdbc:h2:file:/var/jenkins_home/jenkins-jobs/jenkins-jobs;AUTO_SERVER=TRUE;MULTI_THREADED=1;QUERY_CACHE_SIZE=25;JMX=TRUE with username sa and properties {}
2020-08-26 14:58:19.674+0000 [id=219]	INFO	c.zaxxer.hikari.HikariDataSource#<init>: HikariPool-1 - Starting...
2020-08-26 14:58:21.453+0000 [id=219]	INFO	c.zaxxer.hikari.HikariDataSource#<init>: HikariPool-1 - Start completed.
2020-08-26 14:58:22.372+0000 [id=219]	INFO	o.j.p.p.m.d.m.h2.MigrationStep10#execute: Upgrade table JENKINS_JOB...
2020-08-26 14:58:22.374+0000 [id=219]	INFO	o.j.p.p.m.d.m.h2.MigrationStep10#execute: Successfully upgraded table JENKINS_JOB, 0 records upgraded
2020-08-26 14:58:22.452+0000 [id=219]	INFO	o.j.p.p.m.d.m.h2.MigrationStep11#execute: Upgrade table JENKINS_BUILD_UPSTREAM_CAUSE...
2020-08-26 14:58:22.457+0000 [id=219]	INFO	o.j.p.p.m.d.m.h2.MigrationStep11#execute: Successfully upgraded table JENKINS_BUILD_UPSTREAM_CAUSE, 0 jobs scanned, 0 job causes inserted
2020-08-26 14:58:22.458+0000 [id=219]	INFO	o.j.p.p.m.d.AbstractPipelineMavenPluginDao#initializeDatabase: Database successfully migrated from version 0 to version 11
