DEPLOY GROOVY INIT SCRIPTS
+ '[' -L /var/jenkins_home/init.groovy.d ']'
+ '[' -L /var/jenkins_home/license-activated-or-renewed-after-expiration.groovy.d ']'
+ : /var/jenkins_home
+ export -f copy_reference_file
+ touch /var/jenkins_home/copy_reference_file.log
+ tee -a /var/jenkins_home/copy_reference_file.log
++ date
+ echo '--- Copying files at Tue Oct 27 13:21:15 UTC 2020'
--- Copying files at Tue Oct 27 13:21:15 UTC 2020
+ find /usr/share/jenkins/ref/ -type f -exec bash -c 'copy_reference_file '\''{}'\''' ';'
INSTALLED .cloudbees-referrer.txt
INSTALLED init.groovy.d/init_01_launch_configure_jenkins.groovy
INSTALLED init.groovy.d/init_02_administrativeMonitor.groovy
INSTALLED license-activated-or-renewed-after-expiration.groovy.d/init_01_launch_configure_jenkins.groovy
+ [[ 0 -lt 1 ]]
+ eval 'exec java -Duser.home=/var/jenkins_home -Djenkins.model.Jenkins.slaveAgentPortEnforce="true" -Djenkins.model.Jenkins.slaveAgentPort="50000" -Dhudson.TcpSlaveAgentListener.port="50044" -DMASTER_GRANT_ID="13f3a214-78db-44a2-8823-b369c09f977c" -DMASTER_DOMAIN="master7" -Dcb.IMProp.warProfiles.cje="kubernetes.json" -DMASTER_INDEX="43" -DMASTER_OPERATIONSCENTER_ENDPOINT="http://cjoc.cje-support-general.svc.cluster.local/cjoc/" -Dhudson.lifecycle="hudson.lifecycle.ExitLifecycle" -DMASTER_NAME="master7" -DMASTER_ENDPOINT="https://core.gcp.support.beescloud.com/master7/" -DMASTER_RESOURCE_URL=https://resources.core.gcp.support.beescloud.com/master7/ -XshowSettings:vm -XX:+AlwaysPreTouch -XX:+UseG1GC -XX:+DisableExplicitGC -XX:+ParallelRefProcEnabled -XX:+UseStringDeduplication -Dhudson.slaves.NodeProvisioner.initialDelay=0 -Dorg.csanchez.jenkins.plugins.kubernetes.pipeline.PodTemplateStepExecution.defaultImage=cloudbees/cloudbees-core-agent:2.249.2.4 -jar -Dcb.distributable.name="Docker Common CJE" -Dcb.distributable.commit_sha=4c482ecc2d194d4868ade0a8cb5f773a3ab1c0d5 /usr/share/jenkins/jenkins.war --webroot=/tmp/jenkins/war --pluginroot=/tmp/jenkins/plugins --prefix=/master7/ "$@"'
++ exec java -Duser.home=/var/jenkins_home -Djenkins.model.Jenkins.slaveAgentPortEnforce=true -Djenkins.model.Jenkins.slaveAgentPort=50000 -Dhudson.TcpSlaveAgentListener.port=50044 -DMASTER_GRANT_ID=13f3a214-78db-44a2-8823-b369c09f977c -DMASTER_DOMAIN=master7 -Dcb.IMProp.warProfiles.cje=kubernetes.json -DMASTER_INDEX=43 -DMASTER_OPERATIONSCENTER_ENDPOINT=http://cjoc.cje-support-general.svc.cluster.local/cjoc/ -Dhudson.lifecycle=hudson.lifecycle.ExitLifecycle -DMASTER_NAME=master7 -DMASTER_ENDPOINT=https://core.gcp.support.beescloud.com/master7/ -DMASTER_RESOURCE_URL=https://resources.core.gcp.support.beescloud.com/master7/ -XshowSettings:vm -XX:+AlwaysPreTouch -XX:+UseG1GC -XX:+DisableExplicitGC -XX:+ParallelRefProcEnabled -XX:+UseStringDeduplication -Dhudson.slaves.NodeProvisioner.initialDelay=0 -Dorg.csanchez.jenkins.plugins.kubernetes.pipeline.PodTemplateStepExecution.defaultImage=cloudbees/cloudbees-core-agent:2.249.2.4 -jar '-Dcb.distributable.name=Docker Common CJE' -Dcb.distributable.commit_sha=4c482ecc2d194d4868ade0a8cb5f773a3ab1c0d5 /usr/share/jenkins/jenkins.war --webroot=/tmp/jenkins/war --pluginroot=/tmp/jenkins/plugins --prefix=/master7/
VM settings:
    Max. Heap Size (Estimated): 734.00M
    Ergonomics Machine Class: server
    Using VM: OpenJDK 64-Bit Server VM

Running from: /usr/share/jenkins/jenkins.war
2020-10-27 13:21:17.026+0000 [id=1]	INFO	org.eclipse.jetty.util.log.Log#initialized: Logging initialized @1264ms to org.eclipse.jetty.util.log.JavaUtilLog
2020-10-27 13:21:17.414+0000 [id=1]	INFO	winstone.Logger#logInternal: Beginning extraction from war file
2020-10-27 13:21:26.121+0000 [id=1]	INFO	org.eclipse.jetty.server.Server#doStart: jetty-9.4.30.v20200611; built: 2020-06-11T12:34:51.929Z; git: 271836e4c1f4612f12b7bb13ef5a92a927634b0d; jvm 1.8.0_265-b01
2020-10-27 13:21:26.998+0000 [id=1]	INFO	o.e.j.w.StandardDescriptorProcessor#visitServlet: NO JSP Support for /master7, did not find org.eclipse.jetty.jsp.JettyJspServlet
2020-10-27 13:21:27.114+0000 [id=1]	INFO	o.e.j.s.s.DefaultSessionIdManager#doStart: DefaultSessionIdManager workerName=node0
2020-10-27 13:21:27.114+0000 [id=1]	INFO	o.e.j.s.s.DefaultSessionIdManager#doStart: No SessionScavenger set, using defaults
2020-10-27 13:21:27.119+0000 [id=1]	INFO	o.e.j.server.session.HouseKeeper#startScavenging: node0 Scavenging every 600000ms
2020-10-27 13:21:27.321+0000 [id=1]	INFO	c.c.j.i.b.RestoreServletListener#contextInitialized: Jenkins restore listener found no infradna-backup-restore.properties, continuing without restore.
2020-10-27 13:21:28.097+0000 [id=1]	INFO	hudson.WebAppMain#contextInitialized: Jenkins home directory: /var/jenkins_home found at: EnvVars.masterEnvVars.get("JENKINS_HOME")
2020-10-27 13:21:28.501+0000 [id=1]	INFO	o.e.j.s.handler.ContextHandler#doStart: Started w.@280e8a1a{CloudBees CI Managed Master,/master7,file:///tmp/jenkins/war/,AVAILABLE}{/tmp/jenkins/war}
2020-10-27 13:21:28.596+0000 [id=1]	INFO	o.e.j.server.AbstractConnector#doStart: Started ServerConnector@72b16078{HTTP/1.1, (http/1.1)}{0.0.0.0:8080}
2020-10-27 13:21:28.598+0000 [id=1]	INFO	org.eclipse.jetty.server.Server#doStart: Started @12835ms
2020-10-27 13:21:28.599+0000 [id=21]	INFO	winstone.Logger#logInternal: Winstone Servlet Engine running: controlPort=disabled
2020-10-27 13:21:31.305+0000 [id=26]	INFO	jenkins.InitReactorRunner$1#onAttained: Started initialization
2020-10-27 13:21:32.619+0000 [id=27]	WARNING	c.c.j.c.i.ProfileSource$ProfileResourceHelper#getInputStreamFromResource: Ignoring classpath profile [cb-profiles/kubernetes.json], resource [/WEB-INF/cb-profiles/kubernetes.json] not found
2020-10-27 13:21:32.706+0000 [id=27]	INFO	c.c.j.c.i.CJPPluginManager$URLInstaller#install: Requested [INSTALL] of plugin [ace-editor] to version [1.1] completed
2020-10-27 13:21:32.719+0000 [id=27]	INFO	c.c.j.c.i.CJPPluginManager$URLInstaller#install: Requested [INSTALL] of plugin [apache-httpcomponents-client-4-api] to version [4.5.10-2.0] completed
2020-10-27 13:21:32.730+0000 [id=27]	INFO	c.c.j.c.i.CJPPluginManager$URLInstaller#install: Requested [INSTALL] of plugin [async-http-client] to version [1.7.24.3] completed
2020-10-27 13:21:32.734+0000 [id=27]	INFO	c.c.j.c.i.CJPPluginManager$URLInstaller#install: Requested [INSTALL] of plugin [snakeyaml-api] to version [1.26.4] completed
2020-10-27 13:21:32.735+0000 [id=27]	INFO	c.c.j.c.i.CJPPluginManager$URLInstaller#install: Requested [INSTALL] of plugin [structs] to version [1.20] completed
2020-10-27 13:21:32.744+0000 [id=27]	INFO	c.c.j.c.i.CJPPluginManager$URLInstaller#install: Requested [INSTALL] of plugin [credentials] to version [2.3.13] completed
2020-10-27 13:21:32.746+0000 [id=27]	INFO	c.c.j.c.i.CJPPluginManager$URLInstaller#install: Requested [INSTALL] of plugin [authentication-tokens] to version [1.4] completed
2020-10-27 13:21:32.807+0000 [id=27]	INFO	c.c.j.c.i.CJPPluginManager$URLInstaller#install: Requested [INSTALL] of plugin [jackson2-api] to version [2.11.2] completed
2020-10-27 13:21:32.810+0000 [id=27]	INFO	c.c.j.c.i.CJPPluginManager$URLInstaller#install: Requested [INSTALL] of plugin [blueocean-commons] to version [1.23.3] completed
2020-10-27 13:21:32.846+0000 [id=27]	INFO	c.c.j.c.i.CJPPluginManager$URLInstaller#install: Requested [INSTALL] of plugin [bouncycastle-api] to version [2.18] completed
2020-10-27 13:21:32.903+0000 [id=27]	INFO	c.c.j.c.i.CJPPluginManager$URLInstaller#install: Requested [INSTALL] of plugin [cloudbees-license] to version [9.47] completed
2020-10-27 13:21:32.905+0000 [id=27]	INFO	c.c.j.c.i.CJPPluginManager$URLInstaller#install: Requested [INSTALL] of plugin [nectar-license] to version [8.28] completed
2020-10-27 13:21:32.907+0000 [id=27]	INFO	c.c.j.c.i.CJPPluginManager$URLInstaller#install: Requested [INSTALL] of plugin [workflow-step-api] to version [2.22] completed
2020-10-27 13:21:32.910+0000 [id=27]	INFO	c.c.j.c.i.CJPPluginManager$URLInstaller#install: Requested [INSTALL] of plugin [scm-api] to version [2.6.3] completed
2020-10-27 13:21:32.912+0000 [id=27]	INFO	c.c.j.c.i.CJPPluginManager$URLInstaller#install: Requested [INSTALL] of plugin [workflow-api] to version [2.40] completed
2020-10-27 13:21:32.921+0000 [id=27]	INFO	c.c.j.c.i.CJPPluginManager$URLInstaller#install: Requested [INSTALL] of plugin [script-security] to version [1.75] completed
2020-10-27 13:21:32.925+0000 [id=27]	INFO	c.c.j.c.i.CJPPluginManager$URLInstaller#install: Requested [INSTALL] of plugin [workflow-support] to version [3.5] completed
2020-10-27 13:21:32.997+0000 [id=27]	INFO	c.c.j.c.i.CJPPluginManager$URLInstaller#install: Requested [INSTALL] of plugin [durable-task] to version [1.34] completed
2020-10-27 13:21:32.999+0000 [id=27]	INFO	c.c.j.c.i.CJPPluginManager$URLInstaller#install: Requested [INSTALL] of plugin [variant] to version [1.3] completed
2020-10-27 13:21:33.002+0000 [id=27]	INFO	c.c.j.c.i.CJPPluginManager$URLInstaller#install: Requested [INSTALL] of plugin [metrics] to version [4.0.2.6] completed
2020-10-27 13:21:33.010+0000 [id=27]	INFO	c.c.j.c.i.CJPPluginManager$URLInstaller#install: Requested [INSTALL] of plugin [support-core] to version [2.70] completed
2020-10-27 13:21:33.025+0000 [id=27]	INFO	c.c.j.c.i.CJPPluginManager$URLInstaller#install: Requested [INSTALL] of plugin [cloudbees-assurance] to version [2.138.0.20] completed
2020-10-27 13:21:33.027+0000 [id=27]	INFO	c.c.j.c.i.CJPPluginManager$URLInstaller#install: Requested [INSTALL] of plugin [jdk-tool] to version [1.4] completed
2020-10-27 13:21:33.030+0000 [id=27]	INFO	c.c.j.c.i.CJPPluginManager$URLInstaller#install: Requested [INSTALL] of plugin [trilead-api] to version [1.0.8] completed
2020-10-27 13:21:33.032+0000 [id=27]	INFO	c.c.j.c.i.CJPPluginManager$URLInstaller#install: Requested [INSTALL] of plugin [ssh-credentials] to version [1.18.1] completed
2020-10-27 13:21:33.034+0000 [id=27]	INFO	c.c.j.c.i.CJPPluginManager$URLInstaller#install: Requested [INSTALL] of plugin [cloudbees-folder] to version [6.14] completed
2020-10-27 13:21:33.045+0000 [id=27]	INFO	c.c.j.c.i.CJPPluginManager$URLInstaller#install: Requested [INSTALL] of plugin [nectar-rbac] to version [5.41] completed
2020-10-27 13:21:33.096+0000 [id=27]	INFO	c.c.j.c.i.CJPPluginManager$URLInstaller#install: Requested [INSTALL] of plugin [operations-center-agent] to version [2.249.0.1] completed
2020-10-27 13:21:33.099+0000 [id=27]	INFO	c.c.j.c.i.CJPPluginManager$URLInstaller#install: Requested [INSTALL] of plugin [cloudbees-folders-plus] to version [3.10] completed
2020-10-27 13:21:33.101+0000 [id=27]	INFO	c.c.j.c.i.CJPPluginManager$URLInstaller#install: Requested [INSTALL] of plugin [display-url-api] to version [2.3.3] completed
2020-10-27 13:21:33.103+0000 [id=27]	INFO	c.c.j.c.i.CJPPluginManager$URLInstaller#install: Requested [INSTALL] of plugin [mailer] to version [1.32.1] completed
2020-10-27 13:21:33.108+0000 [id=27]	INFO	c.c.j.c.i.CJPPluginManager$URLInstaller#install: Requested [INSTALL] of plugin [jquery3-api] to version [3.5.1-1] completed
2020-10-27 13:21:33.115+0000 [id=27]	INFO	c.c.j.c.i.CJPPluginManager$URLInstaller#install: Requested [INSTALL] of plugin [plugin-util-api] to version [1.2.3] completed
2020-10-27 13:21:33.241+0000 [id=27]	INFO	c.c.j.c.i.CJPPluginManager$URLInstaller#install: Requested [INSTALL] of plugin [echarts-api] to version [4.8.0-2] completed
2020-10-27 13:21:33.296+0000 [id=27]	INFO	c.c.j.c.i.CJPPluginManager$URLInstaller#install: Requested [INSTALL] of plugin [junit] to version [1.34] completed
2020-10-27 13:21:33.303+0000 [id=27]	INFO	c.c.j.c.i.CJPPluginManager$URLInstaller#install: Requested [INSTALL] of plugin [token-macro] to version [2.12] completed
2020-10-27 13:21:33.306+0000 [id=27]	INFO	c.c.j.c.i.CJPPluginManager$URLInstaller#install: Requested [INSTALL] of plugin [workflow-job] to version [2.40] completed
2020-10-27 13:21:33.311+0000 [id=27]	INFO	c.c.j.c.i.CJPPluginManager$URLInstaller#install: Requested [INSTALL] of plugin [mapdb-api] to version [1.0.9.0] completed
2020-10-27 13:21:33.312+0000 [id=27]	INFO	c.c.j.c.i.CJPPluginManager$URLInstaller#install: Requested [INSTALL] of plugin [unique-id] to version [2.2.0] completed
2020-10-27 13:21:33.320+0000 [id=27]	INFO	c.c.j.c.i.CJPPluginManager$URLInstaller#install: Requested [INSTALL] of plugin [operations-center-context] to version [2.249.0.2] completed
2020-10-27 13:21:33.323+0000 [id=27]	INFO	c.c.j.c.i.CJPPluginManager$URLInstaller#install: Requested [INSTALL] of plugin [operations-center-client] to version [2.249.0.7] completed
2020-10-27 13:21:33.324+0000 [id=27]	INFO	c.c.j.c.i.CJPPluginManager$URLInstaller#install: Requested [INSTALL] of plugin [cloudbees-administrative-monitors] to version [1.0.1] completed
2020-10-27 13:21:33.326+0000 [id=27]	INFO	c.c.j.c.i.CJPPluginManager$URLInstaller#install: Requested [INSTALL] of plugin [workflow-scm-step] to version [2.11] completed
2020-10-27 13:21:33.327+0000 [id=27]	INFO	c.c.j.c.i.CJPPluginManager$URLInstaller#install: Requested [INSTALL] of plugin [jquery-detached] to version [1.2.1] completed
2020-10-27 13:21:33.331+0000 [id=27]	INFO	c.c.j.c.i.CJPPluginManager$URLInstaller#install: Requested [INSTALL] of plugin [workflow-cps] to version [2.83] completed
2020-10-27 13:21:33.399+0000 [id=27]	INFO	c.c.j.c.i.CJPPluginManager$URLInstaller#install: Requested [INSTALL] of plugin [pipeline-model-api] to version [1.7.2] completed
2020-10-27 13:21:33.401+0000 [id=27]	INFO	c.c.j.c.i.CJPPluginManager$URLInstaller#install: Requested [INSTALL] of plugin [plain-credentials] to version [1.7] completed
2020-10-27 13:21:33.418+0000 [id=27]	INFO	c.c.j.c.i.CJPPluginManager$URLInstaller#install: Requested [INSTALL] of plugin [credentials-binding] to version [1.23] completed
2020-10-27 13:21:33.420+0000 [id=27]	INFO	c.c.j.c.i.CJPPluginManager$URLInstaller#install: Requested [INSTALL] of plugin [pipeline-stage-step] to version [2.5] completed
2020-10-27 13:21:33.421+0000 [id=27]	INFO	c.c.j.c.i.CJPPluginManager$URLInstaller#install: Requested [INSTALL] of plugin [pipeline-model-extensions] to version [1.7.2] completed
2020-10-27 13:21:33.429+0000 [id=27]	INFO	c.c.j.c.i.CJPPluginManager$URLInstaller#install: Requested [INSTALL] of plugin [cloudbees-analytics] to version [1.27] completed
2020-10-27 13:21:33.431+0000 [id=27]	INFO	c.c.j.c.i.CJPPluginManager$URLInstaller#install: Requested [INSTALL] of plugin [cloudbees-blueocean-default-theme] to version [0.8] completed
2020-10-27 13:21:33.432+0000 [id=27]	INFO	c.c.j.c.i.CJPPluginManager$URLInstaller#install: Requested [INSTALL] of plugin [cloudbees-support] to version [3.23] completed
2020-10-27 13:21:33.439+0000 [id=27]	INFO	c.c.j.c.i.CJPPluginManager$URLInstaller#install: Requested [INSTALL] of plugin [cloudbees-uc-data-api] to version [4.43] completed
2020-10-27 13:21:33.440+0000 [id=27]	INFO	c.c.j.c.i.CJPPluginManager$URLInstaller#install: Requested [INSTALL] of plugin [command-launcher] to version [1.4] completed
2020-10-27 13:21:33.441+0000 [id=27]	INFO	c.c.j.c.i.CJPPluginManager$URLInstaller#install: Requested [INSTALL] of plugin [form-element-path] to version [1.8] completed
2020-10-27 13:21:33.501+0000 [id=27]	INFO	c.c.j.c.i.CJPPluginManager$URLInstaller#install: Requested [INSTALL] of plugin [jaxb] to version [2.3.0.1] completed
2020-10-27 13:21:33.705+0000 [id=27]	INFO	c.c.j.c.i.CJPPluginManager$URLInstaller#install: Requested [INSTALL] of plugin [kubernetes-client-api] to version [4.11.1] completed
2020-10-27 13:21:33.707+0000 [id=27]	INFO	c.c.j.c.i.CJPPluginManager$URLInstaller#install: Requested [INSTALL] of plugin [oauth-credentials] to version [0.4] completed
2020-10-27 13:21:33.709+0000 [id=27]	INFO	c.c.j.c.i.CJPPluginManager$URLInstaller#install: Requested [INSTALL] of plugin [kubernetes-credentials] to version [0.7.0] completed
2020-10-27 13:21:33.712+0000 [id=27]	INFO	c.c.j.c.i.CJPPluginManager$URLInstaller#install: Requested [INSTALL] of plugin [kubernetes] to version [1.26.4] completed
2020-10-27 13:21:33.714+0000 [id=27]	INFO	c.c.j.c.i.CJPPluginManager$URLInstaller#install: Requested [INSTALL] of plugin [kube-agent-management] to version [1.1.36] completed
2020-10-27 13:21:40.251+0000 [id=27]	INFO	jenkins.InitReactorRunner$1#onAttained: Listed all plugins
2020-10-27 13:21:56.395+0000 [id=26]	INFO	jenkins.InitReactorRunner$1#onAttained: Prepared all plugins
2020-10-27 13:21:59.736+0000 [id=27]	INFO	jenkins.InitReactorRunner$1#onAttained: Started all plugins
2020-10-27 13:21:59.813+0000 [id=27]	INFO	jenkins.InitReactorRunner$1#onAttained: Augmented all extensions
2020-10-27 13:22:00.701+0000 [id=27]	INFO	c.c.o.c.c.ConfigurationSnippetRefresher#<init>: ConfigurationSnippetRefresher configured with recurrence period of 60,000ms
2020-10-27 13:22:01.799+0000 [id=26]	INFO	jenkins.InitReactorRunner$1#onAttained: System config loaded
2020-10-27 13:22:01.800+0000 [id=26]	INFO	jenkins.InitReactorRunner$1#onAttained: System config adapted
2020-10-27 13:22:01.918+0000 [id=26]	INFO	jenkins.InitReactorRunner$1#onAttained: Loaded all jobs
2020-10-27 13:22:02.006+0000 [id=26]	INFO	c.c.j.p.a.CloudBeesAssurance#checkInstalledExtension: Checking the validity of the Plugin Catalog
2020-10-27 13:22:02.019+0000 [id=26]	INFO	c.c.j.p.a.CloudBeesAssurance#checkInstalledExtension: No Plugin Catalog installed
2020-10-27 13:22:02.107+0000 [id=41]	INFO	c.c.j.p.a.m.UpdateSiteDataProvider$Value#get: Beekeeper is parsing UpdateSite jenkins-enterprise
2020-10-27 13:22:05.595+0000 [id=26]	INFO	c.c.o.c.p.OperationsCenterRootAction$DescriptorImpl#initiate: Loading from system properties
2020-10-27 13:22:05.602+0000 [id=26]	INFO	c.c.o.c.p.OperationsCenterRootAction$DescriptorImpl#loadFromSystemProperties: Setting the external URL of the master: http://cjoc.cje-support-general.svc.cluster.local/master7/
2020-10-27 13:22:05.816+0000 [id=27]	INFO	c.c.o.context.Messaging$Local#openStore: Starting Messaging
2020-10-27 13:22:05.896+0000 [id=26]	INFO	c.c.o.c.p.OperationsCenterRootAction$DescriptorImpl#loadFromSystemProperties: Setting the resource URL of the master: https://resources.core.gcp.support.beescloud.com/master7/
2020-10-27 13:22:09.396+0000 [id=49]	INFO	c.c.j.p.l.n.CloudBeesUpdateSite#updateData: Obtained the latest update center data file for UpdateSource core-mm-offline
2020-10-27 13:22:10.423+0000 [id=27]	INFO	o.j.p.u.i.IdStoreMigratorV1ToV2#migrateIdStore: Starting migration of IDs
2020-10-27 13:22:10.428+0000 [id=27]	INFO	o.j.p.u.i.IdStoreMigratorV1ToV2#performMigration: migration of unique IDs for Jobs and Folders complete - will continue to process Runs in the background.
2020-10-27 13:22:10.429+0000 [id=26]	INFO	c.c.o.c.p.OperationsCenterRootAction$DescriptorImpl#setEnabledState: Enabled
2020-10-27 13:22:10.498+0000 [id=26]	INFO	c.c.o.c.p.RemoteContextNotifier#notifyRegistered: Registered with context.
2020-10-27 13:22:10.509+0000 [id=54]	INFO	o.j.p.u.i.IdStoreMigratorV1ToV2$RunIDMigrationThread#run: Finished unique-id migration of builds in 0 minutes 0 seconds.  Processed 0 runs from 0 jobs.
2020-10-27 13:22:10.512+0000 [id=27]	INFO	jenkins.InitReactorRunner$1#onAttained: Configuration for all jobs updated
2020-10-27 13:22:12.314+0000 [id=26]	INFO	j.util.groovy.GroovyHookScript#execute: Executing /var/jenkins_home/init.groovy.d/init_01_launch_configure_jenkins.groovy
2020-10-27 13:22:14.004+0000 [id=26]	WARNING	java_util_logging_Logger$warning$0#call: License is not valid
2020-10-27 13:22:14.004+0000 [id=26]	INFO	j.util.groovy.GroovyHookScript#execute: Executing /var/jenkins_home/init.groovy.d/init_02_administrativeMonitor.groovy
2020-10-27 13:22:14.300+0000 [id=26]	SEVERE	c.c.j.s.i.c.TcpSlaveAgentListenerMonitor#disable: TcpSlaveAgentListenerMonitor administrative monitor is deprecated, it will be deleted in a later release. Please adjust your code to NOT reference it anymore.
2020-10-27 13:22:14.322+0000 [id=68]	INFO	hudson.model.AsyncPeriodicWork#lambda$doRun$0: Started Download metadata
2020-10-27 13:22:14.397+0000 [id=68]	INFO	hudson.util.Retrier#start: Attempt #1 to do the action check updates server
2020-10-27 13:22:15.013+0000 [id=68]	INFO	c.c.j.p.l.n.CloudBeesUpdateSite#updateData: Obtained the latest update center data file for UpdateSource core-mm-offline
2020-10-27 13:22:22.320+0000 [id=41]	INFO	c.c.j.p.a.m.UpdateSiteDataProvider$Value#get: Beekeeper is parsing UpdateSite core-mm-offline
2020-10-27 13:22:22.323+0000 [id=41]	INFO	c.c.j.p.a.m.UpdateSiteDataProvider$Value#get: Beekeeper is parsing UpdateSite cap-core-mm
2020-10-27 13:22:22.810+0000 [id=66]	INFO	c.c.o.c.p.OperationsCenterRootAction$DescriptorImpl#setApprovedState: Approved
2020-10-27 13:22:23.201+0000 [id=64]	INFO	c.c.o.c.p.OperationsCenterRootAction$DescriptorImpl#setConnectedState: Connected
2020-10-27 13:22:25.200+0000 [id=27]	INFO	o.s.c.s.AbstractApplicationContext#prepareRefresh: Refreshing org.springframework.web.context.support.StaticWebApplicationContext@331401a1: display name [Root WebApplicationContext]; startup date [Tue Oct 27 13:22:25 UTC 2020]; root of context hierarchy
2020-10-27 13:22:25.208+0000 [id=27]	INFO	o.s.c.s.AbstractApplicationContext#obtainFreshBeanFactory: Bean factory for application context [org.springframework.web.context.support.StaticWebApplicationContext@331401a1]: org.springframework.beans.factory.support.DefaultListableBeanFactory@f5b7578
2020-10-27 13:22:25.301+0000 [id=27]	INFO	o.s.b.f.s.DefaultListableBeanFactory#preInstantiateSingletons: Pre-instantiating singletons in org.springframework.beans.factory.support.DefaultListableBeanFactory@f5b7578: defining beans [authenticationManager]; root of factory hierarchy
2020-10-27 13:22:26.137+0000 [id=30]	INFO	c.c.o.s.p.MasterExecutorCountProperty$ExecutorCountEnforcer#run: Setting master executor count to 0
2020-10-27 13:22:27.620+0000 [id=27]	INFO	o.s.c.s.AbstractApplicationContext#prepareRefresh: Refreshing org.springframework.web.context.support.StaticWebApplicationContext@3adc75e7: display name [Root WebApplicationContext]; startup date [Tue Oct 27 13:22:27 UTC 2020]; root of context hierarchy
2020-10-27 13:22:27.621+0000 [id=27]	INFO	o.s.c.s.AbstractApplicationContext#obtainFreshBeanFactory: Bean factory for application context [org.springframework.web.context.support.StaticWebApplicationContext@3adc75e7]: org.springframework.beans.factory.support.DefaultListableBeanFactory@328aa6e1
2020-10-27 13:22:27.696+0000 [id=27]	INFO	o.s.b.f.s.DefaultListableBeanFactory#preInstantiateSingletons: Pre-instantiating singletons in org.springframework.beans.factory.support.DefaultListableBeanFactory@328aa6e1: defining beans [filter,legacy]; root of factory hierarchy
2020-10-27 13:22:30.316+0000 [id=66]	INFO	hudson.license.LicenseListener#fireAfterUpdate: firing the license update notification
2020-10-27 13:22:30.408+0000 [id=66]	INFO	j.util.groovy.GroovyHookScript#execute: Executing /var/jenkins_home/license-activated-or-renewed-after-expiration.groovy.d/init_01_launch_configure_jenkins.groovy
2020-10-27 13:22:30.619+0000 [id=27]	WARNING	jenkins.model.Jenkins#setSlaveAgentPort: setSlaveAgentPort(50000) call ignored because system property jenkins.model.Jenkins.slaveAgentPortEnforce is true
2020-10-27 13:22:30.715+0000 [id=27]	INFO	jenkins.install.SetupWizard#init: 

*************************************************************
*************************************************************
*************************************************************

Jenkins initial setup is required. An admin user has been created and a password generated.
Please use the following password to proceed to installation:

e9f6edc08bb9492a95c343c2fb9197a4

This may also be found at: /var/jenkins_home/secrets/initialAdminPassword

*************************************************************
*************************************************************
*************************************************************

2020-10-27 13:22:31.210+0000 [id=66]	INFO	java_util_logging_Logger$info$1#call: License is valid, invoke configuration
2020-10-27 13:22:31.404+0000 [id=66]	INFO	j.util.groovy.GroovyHookScript#execute: Executing /var/jenkins_home/configure-jenkins.groovy.d/01-master-executors.groovy
--> disabling master executors
2020-10-27 13:22:32.117+0000 [id=66]	INFO	j.util.groovy.GroovyHookScript#execute: Executing /var/jenkins_home/configure-jenkins.groovy.d/02-first-start-create-eval-job.groovy
2020-10-27 13:22:33.704+0000 [id=27]	INFO	c.c.j.p.l.n.CloudBeesUpdateSite#updateData: Obtained the latest update center data file for UpdateSource core-mm-offline
2020-10-27 13:22:33.798+0000 [id=66]	INFO	j.util.groovy.GroovyHookScript#execute: Executing /var/jenkins_home/configure-jenkins.groovy.d/03-fixed-sshd-port.groovy
2020-10-27 13:22:34.308+0000 [id=27]	INFO	jenkins.InitReactorRunner$1#onAttained: Completed initialization
2020-10-27 13:22:35.400+0000 [id=57]	INFO	c.c.o.c.p.OperationsCenterRoleMatrixAuthorizationConfig$RemoteContextListenerImpl#onRemoteContextChanged: Switching to RBAC configuration provided by remote context
2020-10-27 13:22:35.401+0000 [id=20]	INFO	hudson.WebAppMain$3#run: Jenkins is fully up and running
2020-10-27 13:22:35.609+0000 [id=57]	INFO	c.c.o.c.c.CloudConfigurationSnippetHandler#consume: Applied/updated Clouds configuration [kubernetes]
2020-10-27 13:22:36.699+0000 [id=57]	INFO	o.c.j.p.k.KubernetesClientProvider$SaveableListenerImpl#onChange: Invalidating Kubernetes client: kubernetes null
2020-10-27 13:22:36.921+0000 [id=72]	INFO	o.s.c.s.AbstractApplicationContext#prepareRefresh: Refreshing org.springframework.web.context.support.StaticWebApplicationContext@6b78c51b: display name [Root WebApplicationContext]; startup date [Tue Oct 27 13:22:36 UTC 2020]; root of context hierarchy
2020-10-27 13:22:36.927+0000 [id=72]	INFO	o.s.c.s.AbstractApplicationContext#obtainFreshBeanFactory: Bean factory for application context [org.springframework.web.context.support.StaticWebApplicationContext@6b78c51b]: org.springframework.beans.factory.support.DefaultListableBeanFactory@54921455
2020-10-27 13:22:36.995+0000 [id=72]	INFO	o.s.b.f.s.DefaultListableBeanFactory#preInstantiateSingletons: Pre-instantiating singletons in org.springframework.beans.factory.support.DefaultListableBeanFactory@54921455: defining beans [filter,legacy]; root of factory hierarchy
2020-10-27 13:22:37.213+0000 [id=57]	INFO	o.c.j.p.k.KubernetesClientProvider$SaveableListenerImpl#onChange: Invalidating Kubernetes client: kubernetes null
2020-10-27 13:22:37.319+0000 [id=41]	INFO	c.c.j.p.a.m.UpdateSiteDataProvider$Value#get: Beekeeper is parsing UpdateSite core-mm-offline
2020-10-27 13:22:37.502+0000 [id=72]	INFO	o.c.j.p.k.KubernetesClientProvider$SaveableListenerImpl#onChange: Invalidating Kubernetes client: kubernetes null
2020-10-27 13:22:37.503+0000 [id=72]	INFO	c.c.o.c.plugin.SecurityEnforcer#innerEnforce: Updated class hudson.security.SecurityRealm to class com.cloudbees.opscenter.security.OperationsCenterSecurityRealm
2020-10-27 13:22:37.714+0000 [id=72]	INFO	o.c.j.p.k.KubernetesClientProvider$SaveableListenerImpl#onChange: Invalidating Kubernetes client: kubernetes null
2020-10-27 13:22:37.715+0000 [id=72]	INFO	c.c.o.c.plugin.SecurityEnforcer#innerEnforce: Updated class hudson.security.AuthorizationStrategy to class nectar.plugins.rbac.strategy.RoleMatrixAuthorizationStrategyImpl
2020-10-27 13:22:37.822+0000 [id=72]	INFO	o.c.j.p.k.KubernetesClientProvider$SaveableListenerImpl#onChange: Invalidating Kubernetes client: kubernetes null
2020-10-27 13:23:13.299+0000 [id=68]	INFO	c.c.j.p.l.n.CloudBeesUpdateSite#updateData: Obtained the latest update center data file for UpdateSource cap-core-mm
2020-10-27 13:23:13.320+0000 [id=49]	INFO	c.c.j.p.l.n.CloudBeesUpdateSite#updateData: Obtained the latest update center data file for UpdateSource cap-core-mm
2020-10-27 13:23:15.007+0000 [id=68]	INFO	h.m.DownloadService$Downloadable#load: Obtained the updated data file for hudson.tasks.Maven.MavenInstaller
2020-10-27 13:23:15.197+0000 [id=48]	INFO	h.m.DownloadService$Downloadable#load: Obtained the updated data file for hudson.tasks.Maven.MavenInstaller
2020-10-27 13:23:19.306+0000 [id=68]	INFO	h.m.DownloadService$Downloadable#load: Obtained the updated data file for hudson.tools.JDKInstaller
2020-10-27 13:23:19.309+0000 [id=68]	INFO	hudson.util.Retrier#start: Performed the action check updates server successfully at the attempt #1
2020-10-27 13:23:19.317+0000 [id=48]	INFO	h.m.DownloadService$Downloadable#load: Obtained the updated data file for hudson.tools.JDKInstaller
2020-10-27 13:23:19.325+0000 [id=68]	INFO	hudson.model.AsyncPeriodicWork#lambda$doRun$0: Finished Download metadata. 64,999 ms
